["INFO" - 2:57:50 PM] Extension Name: esbenp.prettier-vscode.
["INFO" - 2:57:50 PM] Extension Version: 5.1.0.
["INFO" - 2:57:50 PM] Enabling prettier for languages
[
  "css",
  "graphql",
  "html",
  "javascript",
  "javascriptreact",
  "json",
  "json5",
  "jsonc",
  "less",
  "markdown",
  "mdx",
  "mongo",
  "postcss",
  "scss",
  "typescript",
  "typescriptreact",
  "vue",
  "yaml"
]
["INFO" - 2:57:50 PM] Enabling prettier for range supported languages
[
  "graphql",
  "javascript",
  "javascriptreact",
  "json",
  "typescript",
  "typescriptreact"
]
["INFO" - 5:05:05 PM] Formatting /odoo/odoo-server/addons/birdeye/static/src/scss/style.scss
["INFO" - 5:05:05 PM] Using ignore file (if present) at /odoo/odoo-server/addons/birdeye/.prettierignore
["INFO" - 5:05:05 PM] Using bundled version of prettier.
["INFO" - 5:05:05 PM] File Info:
{
  "ignored": false,
  "inferredParser": "scss"
}
["INFO" - 5:05:05 PM] No local configuration (i.e. .prettierrc or .editorconfig) detected, falling back to VS Code configuration
["INFO" - 5:05:05 PM] Prettier Options:
{
  "arrowParens": "always",
  "bracketSpacing": true,
  "endOfLine": "lf",
  "htmlWhitespaceSensitivity": "css",
  "insertPragma": false,
  "jsxBracketSameLine": false,
  "jsxSingleQuote": false,
  "printWidth": 80,
  "proseWrap": "preserve",
  "quoteProps": "as-needed",
  "requirePragma": false,
  "semi": true,
  "singleQuote": false,
  "tabWidth": 2,
  "trailingComma": "es5",
  "useTabs": false,
  "vueIndentScriptAndStyle": false,
  "filepath": "/odoo/odoo-server/addons/birdeye/static/src/scss/style.scss",
  "parser": "scss"
}
["INFO" - 5:05:05 PM] Formatting completed in 109.148523ms.
["INFO" - 9:31:00 PM] Formatting /odoo/odoo-server/addons/birdeye/static/src/scss/style.scss
["INFO" - 9:31:00 PM] Using ignore file (if present) at /odoo/odoo-server/addons/birdeye/.prettierignore
["INFO" - 9:31:00 PM] Using bundled version of prettier.
["INFO" - 9:31:00 PM] File Info:
{
  "ignored": false,
  "inferredParser": "scss"
}
["INFO" - 9:31:00 PM] No local configuration (i.e. .prettierrc or .editorconfig) detected, falling back to VS Code configuration
["INFO" - 9:31:00 PM] Prettier Options:
{
  "arrowParens": "always",
  "bracketSpacing": true,
  "endOfLine": "lf",
  "htmlWhitespaceSensitivity": "css",
  "insertPragma": false,
  "jsxBracketSameLine": false,
  "jsxSingleQuote": false,
  "printWidth": 80,
  "proseWrap": "preserve",
  "quoteProps": "as-needed",
  "requirePragma": false,
  "semi": true,
  "singleQuote": false,
  "tabWidth": 2,
  "trailingComma": "es5",
  "useTabs": false,
  "vueIndentScriptAndStyle": false,
  "filepath": "/odoo/odoo-server/addons/birdeye/static/src/scss/style.scss",
  "parser": "scss"
}
["INFO" - 9:31:00 PM] Formatting completed in 711.092714ms.
["INFO" - 9:48:02 PM] Formatting /odoo/odoo-server/addons/birdeye/static/src/scss/style.scss
["INFO" - 9:48:02 PM] Using ignore file (if present) at /odoo/odoo-server/addons/birdeye/.prettierignore
["INFO" - 9:48:02 PM] Using bundled version of prettier.
["INFO" - 9:48:02 PM] File Info:
{
  "ignored": false,
  "inferredParser": "scss"
}
["INFO" - 9:48:02 PM] No local configuration (i.e. .prettierrc or .editorconfig) detected, falling back to VS Code configuration
["INFO" - 9:48:02 PM] Prettier Options:
{
  "arrowParens": "always",
  "bracketSpacing": true,
  "endOfLine": "lf",
  "htmlWhitespaceSensitivity": "css",
  "insertPragma": false,
  "jsxBracketSameLine": false,
  "jsxSingleQuote": false,
  "printWidth": 80,
  "proseWrap": "preserve",
  "quoteProps": "as-needed",
  "requirePragma": false,
  "semi": true,
  "singleQuote": false,
  "tabWidth": 2,
  "trailingComma": "es5",
  "useTabs": false,
  "vueIndentScriptAndStyle": false,
  "filepath": "/odoo/odoo-server/addons/birdeye/static/src/scss/style.scss",
  "parser": "scss"
}
["INFO" - 9:48:02 PM] Formatting completed in 36.76295ms.
["INFO" - 10:34:05 PM] Formatting /odoo/odoo-server/addons/birdeye/static/src/scss/style.scss
["INFO" - 10:34:05 PM] Using ignore file (if present) at /odoo/odoo-server/addons/birdeye/.prettierignore
["INFO" - 10:34:05 PM] Using bundled version of prettier.
["INFO" - 10:34:05 PM] File Info:
{
  "ignored": false,
  "inferredParser": "scss"
}
["INFO" - 10:34:05 PM] No local configuration (i.e. .prettierrc or .editorconfig) detected, falling back to VS Code configuration
["INFO" - 10:34:05 PM] Prettier Options:
{
  "arrowParens": "always",
  "bracketSpacing": true,
  "endOfLine": "lf",
  "htmlWhitespaceSensitivity": "css",
  "insertPragma": false,
  "jsxBracketSameLine": false,
  "jsxSingleQuote": false,
  "printWidth": 80,
  "proseWrap": "preserve",
  "quoteProps": "as-needed",
  "requirePragma": false,
  "semi": true,
  "singleQuote": false,
  "tabWidth": 2,
  "trailingComma": "es5",
  "useTabs": false,
  "vueIndentScriptAndStyle": false,
  "filepath": "/odoo/odoo-server/addons/birdeye/static/src/scss/style.scss",
  "parser": "scss"
}
["INFO" - 10:34:05 PM] Formatting completed in 17.833063ms.
["INFO" - 10:38:53 PM] Formatting /odoo/odoo-server/addons/birdeye/static/src/scss/StarRating.css
["INFO" - 10:38:53 PM] Using ignore file (if present) at /odoo/odoo-server/addons/birdeye/.prettierignore
["INFO" - 10:38:53 PM] Using bundled version of prettier.
["INFO" - 10:38:53 PM] File Info:
{
  "ignored": false,
  "inferredParser": "css"
}
["INFO" - 10:38:53 PM] No local configuration (i.e. .prettierrc or .editorconfig) detected, falling back to VS Code configuration
["INFO" - 10:38:53 PM] Prettier Options:
{
  "arrowParens": "always",
  "bracketSpacing": true,
  "endOfLine": "lf",
  "htmlWhitespaceSensitivity": "css",
  "insertPragma": false,
  "jsxBracketSameLine": false,
  "jsxSingleQuote": false,
  "printWidth": 80,
  "proseWrap": "preserve",
  "quoteProps": "as-needed",
  "requirePragma": false,
  "semi": true,
  "singleQuote": false,
  "tabWidth": 2,
  "trailingComma": "es5",
  "useTabs": false,
  "vueIndentScriptAndStyle": false,
  "filepath": "/odoo/odoo-server/addons/birdeye/static/src/scss/StarRating.css",
  "parser": "css"
}
["INFO" - 10:38:53 PM] Formatting completed in 48.760264ms.
["INFO" - 10:47:34 PM] Formatting /odoo/odoo-server/addons/birdeye/static/src/scss/style.scss
["INFO" - 10:47:34 PM] Using ignore file (if present) at /odoo/odoo-server/addons/birdeye/.prettierignore
["INFO" - 10:47:34 PM] Using bundled version of prettier.
["INFO" - 10:47:34 PM] File Info:
{
  "ignored": false,
  "inferredParser": "scss"
}
["INFO" - 10:47:34 PM] No local configuration (i.e. .prettierrc or .editorconfig) detected, falling back to VS Code configuration
["INFO" - 10:47:34 PM] Prettier Options:
{
  "arrowParens": "always",
  "bracketSpacing": true,
  "endOfLine": "lf",
  "htmlWhitespaceSensitivity": "css",
  "insertPragma": false,
  "jsxBracketSameLine": false,
  "jsxSingleQuote": false,
  "printWidth": 80,
  "proseWrap": "preserve",
  "quoteProps": "as-needed",
  "requirePragma": false,
  "semi": true,
  "singleQuote": false,
  "tabWidth": 2,
  "trailingComma": "es5",
  "useTabs": false,
  "vueIndentScriptAndStyle": false,
  "filepath": "/odoo/odoo-server/addons/birdeye/static/src/scss/style.scss",
  "parser": "scss"
}
["INFO" - 10:47:34 PM] Formatting completed in 13.789765ms.
["INFO" - 10:52:09 PM] Formatting /odoo/odoo-server/addons/birdeye/static/src/scss/style.scss
["INFO" - 10:52:09 PM] Using ignore file (if present) at /odoo/odoo-server/addons/birdeye/.prettierignore
["INFO" - 10:52:09 PM] Using bundled version of prettier.
["INFO" - 10:52:09 PM] File Info:
{
  "ignored": false,
  "inferredParser": "scss"
}
["INFO" - 10:52:09 PM] No local configuration (i.e. .prettierrc or .editorconfig) detected, falling back to VS Code configuration
["INFO" - 10:52:09 PM] Prettier Options:
{
  "arrowParens": "always",
  "bracketSpacing": true,
  "endOfLine": "lf",
  "htmlWhitespaceSensitivity": "css",
  "insertPragma": false,
  "jsxBracketSameLine": false,
  "jsxSingleQuote": false,
  "printWidth": 80,
  "proseWrap": "preserve",
  "quoteProps": "as-needed",
  "requirePragma": false,
  "semi": true,
  "singleQuote": false,
  "tabWidth": 2,
  "trailingComma": "es5",
  "useTabs": false,
  "vueIndentScriptAndStyle": false,
  "filepath": "/odoo/odoo-server/addons/birdeye/static/src/scss/style.scss",
  "parser": "scss"
}
["INFO" - 10:52:09 PM] Formatting completed in 26.057025ms.
["INFO" - 10:52:09 PM] Formatting /odoo/odoo-server/addons/birdeye/static/src/scss/style.scss
["INFO" - 10:52:09 PM] Using ignore file (if present) at /odoo/odoo-server/addons/birdeye/.prettierignore
["INFO" - 10:52:09 PM] Using bundled version of prettier.
["INFO" - 10:52:09 PM] File Info:
{
  "ignored": false,
  "inferredParser": "scss"
}
["INFO" - 10:52:09 PM] No local configuration (i.e. .prettierrc or .editorconfig) detected, falling back to VS Code configuration
["INFO" - 10:52:09 PM] Prettier Options:
{
  "arrowParens": "always",
  "bracketSpacing": true,
  "endOfLine": "lf",
  "htmlWhitespaceSensitivity": "css",
  "insertPragma": false,
  "jsxBracketSameLine": false,
  "jsxSingleQuote": false,
  "printWidth": 80,
  "proseWrap": "preserve",
  "quoteProps": "as-needed",
  "requirePragma": false,
  "semi": true,
  "singleQuote": false,
  "tabWidth": 2,
  "trailingComma": "es5",
  "useTabs": false,
  "vueIndentScriptAndStyle": false,
  "filepath": "/odoo/odoo-server/addons/birdeye/static/src/scss/style.scss",
  "parser": "scss"
}
["INFO" - 10:52:09 PM] Formatting completed in 20.887603ms.
["INFO" - 10:52:09 PM] Formatting /odoo/odoo-server/addons/birdeye/static/src/scss/style.scss
["INFO" - 10:52:09 PM] Using ignore file (if present) at /odoo/odoo-server/addons/birdeye/.prettierignore
["INFO" - 10:52:09 PM] Using bundled version of prettier.
["INFO" - 10:52:09 PM] File Info:
{
  "ignored": false,
  "inferredParser": "scss"
}
["INFO" - 10:52:09 PM] No local configuration (i.e. .prettierrc or .editorconfig) detected, falling back to VS Code configuration
["INFO" - 10:52:09 PM] Prettier Options:
{
  "arrowParens": "always",
  "bracketSpacing": true,
  "endOfLine": "lf",
  "htmlWhitespaceSensitivity": "css",
  "insertPragma": false,
  "jsxBracketSameLine": false,
  "jsxSingleQuote": false,
  "printWidth": 80,
  "proseWrap": "preserve",
  "quoteProps": "as-needed",
  "requirePragma": false,
  "semi": true,
  "singleQuote": false,
  "tabWidth": 2,
  "trailingComma": "es5",
  "useTabs": false,
  "vueIndentScriptAndStyle": false,
  "filepath": "/odoo/odoo-server/addons/birdeye/static/src/scss/style.scss",
  "parser": "scss"
}
["INFO" - 10:52:09 PM] Formatting completed in 48.067133ms.
["INFO" - 11:12:54 PM] Formatting /odoo/odoo-server/addons/birdeye/static/src/scss/style.scss
["INFO" - 11:12:54 PM] Using ignore file (if present) at /odoo/odoo-server/addons/birdeye/.prettierignore
["INFO" - 11:12:54 PM] Using bundled version of prettier.
["INFO" - 11:12:54 PM] File Info:
{
  "ignored": false,
  "inferredParser": "scss"
}
["INFO" - 11:12:54 PM] No local configuration (i.e. .prettierrc or .editorconfig) detected, falling back to VS Code configuration
["INFO" - 11:12:54 PM] Prettier Options:
{
  "arrowParens": "always",
  "bracketSpacing": true,
  "endOfLine": "lf",
  "htmlWhitespaceSensitivity": "css",
  "insertPragma": false,
  "jsxBracketSameLine": false,
  "jsxSingleQuote": false,
  "printWidth": 80,
  "proseWrap": "preserve",
  "quoteProps": "as-needed",
  "requirePragma": false,
  "semi": true,
  "singleQuote": false,
  "tabWidth": 2,
  "trailingComma": "es5",
  "useTabs": false,
  "vueIndentScriptAndStyle": false,
  "filepath": "/odoo/odoo-server/addons/birdeye/static/src/scss/style.scss",
  "parser": "scss"
}
["ERROR" - 11:12:54 PM] Error formatting document.
["ERROR" - 11:12:54 PM] (postcss) CssSyntaxError Unknown word (3:4)
  1 | .checked {
  2 |     color: orange;
> 3 |   }u
    |    ^
SyntaxError: (postcss) CssSyntaxError Unknown word (3:4)
  1 | .checked {
  2 |     color: orange;
> 3 |   }u
    |    ^
	at e.exports (/root/.vscode/extensions/esbenp.prettier-vscode-5.1.0/node_modules/prettier/parser-postcss.js:8:41343)
	at parseWithParser (/root/.vscode/extensions/esbenp.prettier-vscode-5.1.0/node_modules/prettier/parser-postcss.js:8:37677)
	at Object.parseScss [as parse] (/root/.vscode/extensions/esbenp.prettier-vscode-5.1.0/node_modules/prettier/parser-postcss.js:8:40831)
	at Object.parse (/root/.vscode/extensions/esbenp.prettier-vscode-5.1.0/node_modules/prettier/index.js:11370:19)
	at coreFormat (/root/.vscode/extensions/esbenp.prettier-vscode-5.1.0/node_modules/prettier/index.js:14784:25)
	at format (/root/.vscode/extensions/esbenp.prettier-vscode-5.1.0/node_modules/prettier/index.js:15019:75)
	at formatWithCursor (/root/.vscode/extensions/esbenp.prettier-vscode-5.1.0/node_modules/prettier/index.js:15035:12)
	at /root/.vscode/extensions/esbenp.prettier-vscode-5.1.0/node_modules/prettier/index.js:51620:12
	at Object.format (/root/.vscode/extensions/esbenp.prettier-vscode-5.1.0/node_modules/prettier/index.js:51640:12)
	at t.default.<anonymous> (/root/.vscode/extensions/esbenp.prettier-vscode-5.1.0/dist/extension.js:1:58444)
	at Generator.next (<anonymous>)
	at s (/root/.vscode/extensions/esbenp.prettier-vscode-5.1.0/dist/extension.js:1:53362)
["INFO" - 11:12:54 PM] Formatting completed in 16.984917ms.
["INFO" - 11:12:55 PM] Formatting /odoo/odoo-server/addons/birdeye/static/src/scss/style.scss
["INFO" - 11:12:55 PM] Using ignore file (if present) at /odoo/odoo-server/addons/birdeye/.prettierignore
["INFO" - 11:12:55 PM] Using bundled version of prettier.
["INFO" - 11:12:55 PM] File Info:
{
  "ignored": false,
  "inferredParser": "scss"
}
["INFO" - 11:12:55 PM] No local configuration (i.e. .prettierrc or .editorconfig) detected, falling back to VS Code configuration
["INFO" - 11:12:55 PM] Prettier Options:
{
  "arrowParens": "always",
  "bracketSpacing": true,
  "endOfLine": "lf",
  "htmlWhitespaceSensitivity": "css",
  "insertPragma": false,
  "jsxBracketSameLine": false,
  "jsxSingleQuote": false,
  "printWidth": 80,
  "proseWrap": "preserve",
  "quoteProps": "as-needed",
  "requirePragma": false,
  "semi": true,
  "singleQuote": false,
  "tabWidth": 2,
  "trailingComma": "es5",
  "useTabs": false,
  "vueIndentScriptAndStyle": false,
  "filepath": "/odoo/odoo-server/addons/birdeye/static/src/scss/style.scss",
  "parser": "scss"
}
["INFO" - 11:12:55 PM] Formatting completed in 31.359079ms.
["INFO" - 11:13:53 PM] Formatting /odoo/odoo-server/addons/birdeye/static/src/scss/style.scss
["INFO" - 11:13:53 PM] Using ignore file (if present) at /odoo/odoo-server/addons/birdeye/.prettierignore
["INFO" - 11:13:53 PM] Using bundled version of prettier.
["INFO" - 11:13:53 PM] File Info:
{
  "ignored": false,
  "inferredParser": "scss"
}
["INFO" - 11:13:53 PM] No local configuration (i.e. .prettierrc or .editorconfig) detected, falling back to VS Code configuration
["INFO" - 11:13:53 PM] Prettier Options:
{
  "arrowParens": "always",
  "bracketSpacing": true,
  "endOfLine": "lf",
  "htmlWhitespaceSensitivity": "css",
  "insertPragma": false,
  "jsxBracketSameLine": false,
  "jsxSingleQuote": false,
  "printWidth": 80,
  "proseWrap": "preserve",
  "quoteProps": "as-needed",
  "requirePragma": false,
  "semi": true,
  "singleQuote": false,
  "tabWidth": 2,
  "trailingComma": "es5",
  "useTabs": false,
  "vueIndentScriptAndStyle": false,
  "filepath": "/odoo/odoo-server/addons/birdeye/static/src/scss/style.scss",
  "parser": "scss"
}
["INFO" - 11:13:53 PM] Formatting completed in 31.758853ms.
["INFO" - 11:39:28 PM] Formatting /odoo/odoo-server/addons/birdeye/static/src/scss/style.scss
["INFO" - 11:39:28 PM] Using ignore file (if present) at /odoo/odoo-server/addons/birdeye/.prettierignore
["INFO" - 11:39:28 PM] Using bundled version of prettier.
["INFO" - 11:39:28 PM] File Info:
{
  "ignored": false,
  "inferredParser": "scss"
}
["INFO" - 11:39:28 PM] No local configuration (i.e. .prettierrc or .editorconfig) detected, falling back to VS Code configuration
["INFO" - 11:39:28 PM] Prettier Options:
{
  "arrowParens": "always",
  "bracketSpacing": true,
  "endOfLine": "lf",
  "htmlWhitespaceSensitivity": "css",
  "insertPragma": false,
  "jsxBracketSameLine": false,
  "jsxSingleQuote": false,
  "printWidth": 80,
  "proseWrap": "preserve",
  "quoteProps": "as-needed",
  "requirePragma": false,
  "semi": true,
  "singleQuote": false,
  "tabWidth": 2,
  "trailingComma": "es5",
  "useTabs": false,
  "vueIndentScriptAndStyle": false,
  "filepath": "/odoo/odoo-server/addons/birdeye/static/src/scss/style.scss",
  "parser": "scss"
}
["INFO" - 11:39:28 PM] Formatting completed in 25.827743ms.
["INFO" - 11:39:29 PM] Formatting /odoo/odoo-server/addons/birdeye/static/src/scss/style.scss
["INFO" - 11:39:29 PM] Using ignore file (if present) at /odoo/odoo-server/addons/birdeye/.prettierignore
["INFO" - 11:39:29 PM] Using bundled version of prettier.
["INFO" - 11:39:29 PM] File Info:
{
  "ignored": false,
  "inferredParser": "scss"
}
["INFO" - 11:39:29 PM] No local configuration (i.e. .prettierrc or .editorconfig) detected, falling back to VS Code configuration
["INFO" - 11:39:29 PM] Prettier Options:
{
  "arrowParens": "always",
  "bracketSpacing": true,
  "endOfLine": "lf",
  "htmlWhitespaceSensitivity": "css",
  "insertPragma": false,
  "jsxBracketSameLine": false,
  "jsxSingleQuote": false,
  "printWidth": 80,
  "proseWrap": "preserve",
  "quoteProps": "as-needed",
  "requirePragma": false,
  "semi": true,
  "singleQuote": false,
  "tabWidth": 2,
  "trailingComma": "es5",
  "useTabs": false,
  "vueIndentScriptAndStyle": false,
  "filepath": "/odoo/odoo-server/addons/birdeye/static/src/scss/style.scss",
  "parser": "scss"
}
["INFO" - 11:39:29 PM] Formatting completed in 30.288537ms.
["INFO" - 11:39:29 PM] Formatting /odoo/odoo-server/addons/birdeye/static/src/scss/style.scss
["INFO" - 11:39:29 PM] Using ignore file (if present) at /odoo/odoo-server/addons/birdeye/.prettierignore
["INFO" - 11:39:29 PM] Using bundled version of prettier.
["INFO" - 11:39:29 PM] File Info:
{
  "ignored": false,
  "inferredParser": "scss"
}
["INFO" - 11:39:29 PM] No local configuration (i.e. .prettierrc or .editorconfig) detected, falling back to VS Code configuration
["INFO" - 11:39:29 PM] Prettier Options:
{
  "arrowParens": "always",
  "bracketSpacing": true,
  "endOfLine": "lf",
  "htmlWhitespaceSensitivity": "css",
  "insertPragma": false,
  "jsxBracketSameLine": false,
  "jsxSingleQuote": false,
  "printWidth": 80,
  "proseWrap": "preserve",
  "quoteProps": "as-needed",
  "requirePragma": false,
  "semi": true,
  "singleQuote": false,
  "tabWidth": 2,
  "trailingComma": "es5",
  "useTabs": false,
  "vueIndentScriptAndStyle": false,
  "filepath": "/odoo/odoo-server/addons/birdeye/static/src/scss/style.scss",
  "parser": "scss"
}
["INFO" - 11:39:29 PM] Formatting completed in 26.580711ms.
["INFO" - 12:06:12 AM] Formatting /odoo/odoo-server/addons/birdeye/static/src/scss/style.scss
["INFO" - 12:06:12 AM] Using ignore file (if present) at /odoo/odoo-server/addons/birdeye/.prettierignore
["INFO" - 12:06:12 AM] Using bundled version of prettier.
["INFO" - 12:06:12 AM] File Info:
{
  "ignored": false,
  "inferredParser": "scss"
}
["INFO" - 12:06:12 AM] No local configuration (i.e. .prettierrc or .editorconfig) detected, falling back to VS Code configuration
["INFO" - 12:06:12 AM] Prettier Options:
{
  "arrowParens": "always",
  "bracketSpacing": true,
  "endOfLine": "lf",
  "htmlWhitespaceSensitivity": "css",
  "insertPragma": false,
  "jsxBracketSameLine": false,
  "jsxSingleQuote": false,
  "printWidth": 80,
  "proseWrap": "preserve",
  "quoteProps": "as-needed",
  "requirePragma": false,
  "semi": true,
  "singleQuote": false,
  "tabWidth": 2,
  "trailingComma": "es5",
  "useTabs": false,
  "vueIndentScriptAndStyle": false,
  "filepath": "/odoo/odoo-server/addons/birdeye/static/src/scss/style.scss",
  "parser": "scss"
}
["INFO" - 12:06:12 AM] Formatting completed in 21.861635ms.
["INFO" - 12:06:12 AM] Formatting /odoo/odoo-server/addons/birdeye/static/src/scss/style.scss
["INFO" - 12:06:12 AM] Using ignore file (if present) at /odoo/odoo-server/addons/birdeye/.prettierignore
["INFO" - 12:06:12 AM] Using bundled version of prettier.
["INFO" - 12:06:12 AM] File Info:
{
  "ignored": false,
  "inferredParser": "scss"
}
["INFO" - 12:06:12 AM] No local configuration (i.e. .prettierrc or .editorconfig) detected, falling back to VS Code configuration
["INFO" - 12:06:12 AM] Prettier Options:
{
  "arrowParens": "always",
  "bracketSpacing": true,
  "endOfLine": "lf",
  "htmlWhitespaceSensitivity": "css",
  "insertPragma": false,
  "jsxBracketSameLine": false,
  "jsxSingleQuote": false,
  "printWidth": 80,
  "proseWrap": "preserve",
  "quoteProps": "as-needed",
  "requirePragma": false,
  "semi": true,
  "singleQuote": false,
  "tabWidth": 2,
  "trailingComma": "es5",
  "useTabs": false,
  "vueIndentScriptAndStyle": false,
  "filepath": "/odoo/odoo-server/addons/birdeye/static/src/scss/style.scss",
  "parser": "scss"
}
["INFO" - 12:06:12 AM] Formatting completed in 54.008663ms.
["INFO" - 12:06:13 AM] Formatting /odoo/odoo-server/addons/birdeye/static/src/scss/style.scss
["INFO" - 12:06:13 AM] Using ignore file (if present) at /odoo/odoo-server/addons/birdeye/.prettierignore
["INFO" - 12:06:13 AM] Using bundled version of prettier.
["INFO" - 12:06:13 AM] File Info:
{
  "ignored": false,
  "inferredParser": "scss"
}
["INFO" - 12:06:13 AM] No local configuration (i.e. .prettierrc or .editorconfig) detected, falling back to VS Code configuration
["INFO" - 12:06:13 AM] Prettier Options:
{
  "arrowParens": "always",
  "bracketSpacing": true,
  "endOfLine": "lf",
  "htmlWhitespaceSensitivity": "css",
  "insertPragma": false,
  "jsxBracketSameLine": false,
  "jsxSingleQuote": false,
  "printWidth": 80,
  "proseWrap": "preserve",
  "quoteProps": "as-needed",
  "requirePragma": false,
  "semi": true,
  "singleQuote": false,
  "tabWidth": 2,
  "trailingComma": "es5",
  "useTabs": false,
  "vueIndentScriptAndStyle": false,
  "filepath": "/odoo/odoo-server/addons/birdeye/static/src/scss/style.scss",
  "parser": "scss"
}
["INFO" - 12:06:13 AM] Formatting completed in 50.191526ms.
["INFO" - 12:06:13 AM] Formatting /odoo/odoo-server/addons/birdeye/static/src/scss/style.scss
["INFO" - 12:06:13 AM] Using ignore file (if present) at /odoo/odoo-server/addons/birdeye/.prettierignore
["INFO" - 12:06:13 AM] Using bundled version of prettier.
["INFO" - 12:06:13 AM] File Info:
{
  "ignored": false,
  "inferredParser": "scss"
}
["INFO" - 12:06:13 AM] No local configuration (i.e. .prettierrc or .editorconfig) detected, falling back to VS Code configuration
["INFO" - 12:06:13 AM] Prettier Options:
{
  "arrowParens": "always",
  "bracketSpacing": true,
  "endOfLine": "lf",
  "htmlWhitespaceSensitivity": "css",
  "insertPragma": false,
  "jsxBracketSameLine": false,
  "jsxSingleQuote": false,
  "printWidth": 80,
  "proseWrap": "preserve",
  "quoteProps": "as-needed",
  "requirePragma": false,
  "semi": true,
  "singleQuote": false,
  "tabWidth": 2,
  "trailingComma": "es5",
  "useTabs": false,
  "vueIndentScriptAndStyle": false,
  "filepath": "/odoo/odoo-server/addons/birdeye/static/src/scss/style.scss",
  "parser": "scss"
}
["INFO" - 12:06:13 AM] Formatting completed in 35.341738ms.
["INFO" - 12:06:13 AM] Formatting /odoo/odoo-server/addons/birdeye/static/src/scss/style.scss
["INFO" - 12:06:13 AM] Using ignore file (if present) at /odoo/odoo-server/addons/birdeye/.prettierignore
["INFO" - 12:06:13 AM] Using bundled version of prettier.
["INFO" - 12:06:13 AM] File Info:
{
  "ignored": false,
  "inferredParser": "scss"
}
["INFO" - 12:06:13 AM] No local configuration (i.e. .prettierrc or .editorconfig) detected, falling back to VS Code configuration
["INFO" - 12:06:13 AM] Prettier Options:
{
  "arrowParens": "always",
  "bracketSpacing": true,
  "endOfLine": "lf",
  "htmlWhitespaceSensitivity": "css",
  "insertPragma": false,
  "jsxBracketSameLine": false,
  "jsxSingleQuote": false,
  "printWidth": 80,
  "proseWrap": "preserve",
  "quoteProps": "as-needed",
  "requirePragma": false,
  "semi": true,
  "singleQuote": false,
  "tabWidth": 2,
  "trailingComma": "es5",
  "useTabs": false,
  "vueIndentScriptAndStyle": false,
  "filepath": "/odoo/odoo-server/addons/birdeye/static/src/scss/style.scss",
  "parser": "scss"
}
["INFO" - 12:06:13 AM] Formatting completed in 21.746574ms.
["INFO" - 12:26:10 AM] Formatting /odoo/odoo-server/addons/birdeye/static/src/scss/style.scss
["INFO" - 12:26:10 AM] Using ignore file (if present) at /odoo/odoo-server/addons/birdeye/.prettierignore
["INFO" - 12:26:10 AM] Using bundled version of prettier.
["INFO" - 12:26:10 AM] File Info:
{
  "ignored": false,
  "inferredParser": "scss"
}
["INFO" - 12:26:10 AM] No local configuration (i.e. .prettierrc or .editorconfig) detected, falling back to VS Code configuration
["INFO" - 12:26:10 AM] Prettier Options:
{
  "arrowParens": "always",
  "bracketSpacing": true,
  "endOfLine": "lf",
  "htmlWhitespaceSensitivity": "css",
  "insertPragma": false,
  "jsxBracketSameLine": false,
  "jsxSingleQuote": false,
  "printWidth": 80,
  "proseWrap": "preserve",
  "quoteProps": "as-needed",
  "requirePragma": false,
  "semi": true,
  "singleQuote": false,
  "tabWidth": 2,
  "trailingComma": "es5",
  "useTabs": false,
  "vueIndentScriptAndStyle": false,
  "filepath": "/odoo/odoo-server/addons/birdeye/static/src/scss/style.scss",
  "parser": "scss"
}
["INFO" - 12:26:10 AM] Formatting completed in 18.294909ms.
["INFO" - 12:50:45 AM] Formatting /odoo/odoo-server/addons/birdeye/static/src/scss/style.scss
["INFO" - 12:50:45 AM] Using ignore file (if present) at /odoo/odoo-server/addons/birdeye/.prettierignore
["INFO" - 12:50:45 AM] Using bundled version of prettier.
["INFO" - 12:50:45 AM] File Info:
{
  "ignored": false,
  "inferredParser": "scss"
}
["INFO" - 12:50:45 AM] No local configuration (i.e. .prettierrc or .editorconfig) detected, falling back to VS Code configuration
["INFO" - 12:50:45 AM] Prettier Options:
{
  "arrowParens": "always",
  "bracketSpacing": true,
  "endOfLine": "lf",
  "htmlWhitespaceSensitivity": "css",
  "insertPragma": false,
  "jsxBracketSameLine": false,
  "jsxSingleQuote": false,
  "printWidth": 80,
  "proseWrap": "preserve",
  "quoteProps": "as-needed",
  "requirePragma": false,
  "semi": true,
  "singleQuote": false,
  "tabWidth": 2,
  "trailingComma": "es5",
  "useTabs": false,
  "vueIndentScriptAndStyle": false,
  "filepath": "/odoo/odoo-server/addons/birdeye/static/src/scss/style.scss",
  "parser": "scss"
}
["INFO" - 12:50:45 AM] Formatting completed in 20.952374ms.
["INFO" - 12:50:46 AM] Formatting /odoo/odoo-server/addons/birdeye/static/src/scss/style.scss
["INFO" - 12:50:46 AM] Using ignore file (if present) at /odoo/odoo-server/addons/birdeye/.prettierignore
["INFO" - 12:50:46 AM] Using bundled version of prettier.
["INFO" - 12:50:46 AM] File Info:
{
  "ignored": false,
  "inferredParser": "scss"
}
["INFO" - 12:50:46 AM] No local configuration (i.e. .prettierrc or .editorconfig) detected, falling back to VS Code configuration
["INFO" - 12:50:46 AM] Prettier Options:
{
  "arrowParens": "always",
  "bracketSpacing": true,
  "endOfLine": "lf",
  "htmlWhitespaceSensitivity": "css",
  "insertPragma": false,
  "jsxBracketSameLine": false,
  "jsxSingleQuote": false,
  "printWidth": 80,
  "proseWrap": "preserve",
  "quoteProps": "as-needed",
  "requirePragma": false,
  "semi": true,
  "singleQuote": false,
  "tabWidth": 2,
  "trailingComma": "es5",
  "useTabs": false,
  "vueIndentScriptAndStyle": false,
  "filepath": "/odoo/odoo-server/addons/birdeye/static/src/scss/style.scss",
  "parser": "scss"
}
["INFO" - 12:50:46 AM] Formatting completed in 17.922949ms.
["INFO" - 4:30:46 AM] Formatting /odoo/odoo-server/addons/birdeye/static/src/scss/style.scss
["INFO" - 4:30:46 AM] Using ignore file (if present) at /odoo/odoo-server/addons/birdeye/.prettierignore
["INFO" - 4:30:46 AM] Using bundled version of prettier.
["INFO" - 4:30:46 AM] File Info:
{
  "ignored": false,
  "inferredParser": "scss"
}
["INFO" - 4:30:46 AM] No local configuration (i.e. .prettierrc or .editorconfig) detected, falling back to VS Code configuration
["INFO" - 4:30:46 AM] Prettier Options:
{
  "arrowParens": "always",
  "bracketSpacing": true,
  "endOfLine": "lf",
  "htmlWhitespaceSensitivity": "css",
  "insertPragma": false,
  "jsxBracketSameLine": false,
  "jsxSingleQuote": false,
  "printWidth": 80,
  "proseWrap": "preserve",
  "quoteProps": "as-needed",
  "requirePragma": false,
  "semi": true,
  "singleQuote": false,
  "tabWidth": 2,
  "trailingComma": "es5",
  "useTabs": false,
  "vueIndentScriptAndStyle": false,
  "filepath": "/odoo/odoo-server/addons/birdeye/static/src/scss/style.scss",
  "parser": "scss"
}
["INFO" - 4:30:46 AM] Formatting completed in 239.951873ms.
