Looking for git in: git
Using git 2.25.1 from git
> git rev-parse --show-toplevel
> git rev-parse --git-dir
Open repository: /odoo/odoo-server
> git status -z -u
> git show :addons/birdeye/static/src/js/StarRating.js
> git ls-files --stage -- /odoo/odoo-server/addons/birdeye/static/src/js/StarRating.js
> git check-ignore -v -z --stdin
> git check-ignore -v -z --stdin
> git show :addons/birdeye/static/css/style.css
> git ls-files --stage -- /odoo/odoo-server/addons/birdeye/static/css/style.css
> git check-ignore -v -z --stdin
> git symbolic-ref --short HEAD
> git rev-parse 13.0
> git rev-parse --symbolic-full-name 13.0@{u}
> git rev-list --left-right 13.0...refs/remotes/origin/13.0
> git for-each-ref --format %(refname) %(objectname) --sort -committerdate
> git remote --verbose
Failed to watch ref '/odoo/odoo-server/.git/refs/remotes/origin/13.0', is most likely packed.
Error: ENOENT: no such file or directory, watch '/odoo/odoo-server/.git/refs/remotes/origin/13.0'
	at FSWatcher.start (internal/fs/watchers.js:165:26)
	at Object.watch (fs.js:1270:11)
	at Object.t.watch (/snap/code/35/usr/share/code/resources/app/extensions/git/dist/main.js:1:606659)
	at T.updateTransientWatchers (/snap/code/35/usr/share/code/resources/app/extensions/git/dist/main.js:1:84393)
	at e.fire (/snap/code/35/usr/share/code/resources/app/out/vs/workbench/services/extensions/node/extensionHostProcess.js:46:262)
	at e.updateModelState (/snap/code/35/usr/share/code/resources/app/extensions/git/dist/main.js:1:103799)
	at processTicksAndRejections (internal/process/task_queues.js:85:5)
> git config --get commit.template
> git status -z -u
> git symbolic-ref --short HEAD
> git rev-parse 13.0
> git rev-parse --symbolic-full-name 13.0@{u}
> git rev-list --left-right 13.0...refs/remotes/origin/13.0
> git for-each-ref --format %(refname) %(objectname) --sort -committerdate
> git remote --verbose
Failed to watch ref '/odoo/odoo-server/.git/refs/remotes/origin/13.0', is most likely packed.
Error: ENOENT: no such file or directory, watch '/odoo/odoo-server/.git/refs/remotes/origin/13.0'
	at FSWatcher.start (internal/fs/watchers.js:165:26)
	at Object.watch (fs.js:1270:11)
	at Object.t.watch (/snap/code/35/usr/share/code/resources/app/extensions/git/dist/main.js:1:606659)
	at T.updateTransientWatchers (/snap/code/35/usr/share/code/resources/app/extensions/git/dist/main.js:1:84393)
	at e.fire (/snap/code/35/usr/share/code/resources/app/out/vs/workbench/services/extensions/node/extensionHostProcess.js:46:262)
	at e.updateModelState (/snap/code/35/usr/share/code/resources/app/extensions/git/dist/main.js:1:103799)
> git config --get commit.template
> git show :addons/birdeye/views/assets.xml
> git ls-files --stage -- /odoo/odoo-server/addons/birdeye/views/assets.xml
> git status -z -u
> git symbolic-ref --short HEAD
> git rev-parse 13.0
> git rev-parse --symbolic-full-name 13.0@{u}
> git rev-list --left-right 13.0...refs/remotes/origin/13.0
> git for-each-ref --format %(refname) %(objectname) --sort -committerdate
> git remote --verbose
Failed to watch ref '/odoo/odoo-server/.git/refs/remotes/origin/13.0', is most likely packed.
Error: ENOENT: no such file or directory, watch '/odoo/odoo-server/.git/refs/remotes/origin/13.0'
	at FSWatcher.start (internal/fs/watchers.js:165:26)
	at Object.watch (fs.js:1270:11)
	at Object.t.watch (/snap/code/35/usr/share/code/resources/app/extensions/git/dist/main.js:1:606659)
	at T.updateTransientWatchers (/snap/code/35/usr/share/code/resources/app/extensions/git/dist/main.js:1:84393)
	at e.fire (/snap/code/35/usr/share/code/resources/app/out/vs/workbench/services/extensions/node/extensionHostProcess.js:46:262)
	at e.updateModelState (/snap/code/35/usr/share/code/resources/app/extensions/git/dist/main.js:1:103799)
> git config --get commit.template
> git check-ignore -v -z --stdin
> git status -z -u
> git symbolic-ref --short HEAD
> git rev-parse 13.0
> git rev-parse --symbolic-full-name 13.0@{u}
> git rev-list --left-right 13.0...refs/remotes/origin/13.0
> git for-each-ref --format %(refname) %(objectname) --sort -committerdate
> git remote --verbose
Failed to watch ref '/odoo/odoo-server/.git/refs/remotes/origin/13.0', is most likely packed.
Error: ENOENT: no such file or directory, watch '/odoo/odoo-server/.git/refs/remotes/origin/13.0'
	at FSWatcher.start (internal/fs/watchers.js:165:26)
	at Object.watch (fs.js:1270:11)
	at Object.t.watch (/snap/code/35/usr/share/code/resources/app/extensions/git/dist/main.js:1:606659)
	at T.updateTransientWatchers (/snap/code/35/usr/share/code/resources/app/extensions/git/dist/main.js:1:84393)
	at e.fire (/snap/code/35/usr/share/code/resources/app/out/vs/workbench/services/extensions/node/extensionHostProcess.js:46:262)
	at e.updateModelState (/snap/code/35/usr/share/code/resources/app/extensions/git/dist/main.js:1:103799)
> git config --get commit.template
> git show :addons/birdeye/static/src/css/style.css
> git ls-files --stage -- /odoo/odoo-server/addons/birdeye/static/src/css/style.css
> git check-ignore -v -z --stdin
> git status -z -u
> git symbolic-ref --short HEAD
> git rev-parse 13.0
> git rev-parse --symbolic-full-name 13.0@{u}
> git rev-list --left-right 13.0...refs/remotes/origin/13.0
> git for-each-ref --format %(refname) %(objectname) --sort -committerdate
> git remote --verbose
Failed to watch ref '/odoo/odoo-server/.git/refs/remotes/origin/13.0', is most likely packed.
Error: ENOENT: no such file or directory, watch '/odoo/odoo-server/.git/refs/remotes/origin/13.0'
	at FSWatcher.start (internal/fs/watchers.js:165:26)
	at Object.watch (fs.js:1270:11)
	at Object.t.watch (/snap/code/35/usr/share/code/resources/app/extensions/git/dist/main.js:1:606659)
	at T.updateTransientWatchers (/snap/code/35/usr/share/code/resources/app/extensions/git/dist/main.js:1:84393)
	at e.fire (/snap/code/35/usr/share/code/resources/app/out/vs/workbench/services/extensions/node/extensionHostProcess.js:46:262)
	at e.updateModelState (/snap/code/35/usr/share/code/resources/app/extensions/git/dist/main.js:1:103799)
> git config --get commit.template
> git status -z -u
> git symbolic-ref --short HEAD
> git rev-parse 13.0
> git rev-parse --symbolic-full-name 13.0@{u}
> git rev-list --left-right 13.0...refs/remotes/origin/13.0
> git for-each-ref --format %(refname) %(objectname) --sort -committerdate
> git remote --verbose
Failed to watch ref '/odoo/odoo-server/.git/refs/remotes/origin/13.0', is most likely packed.
Error: ENOENT: no such file or directory, watch '/odoo/odoo-server/.git/refs/remotes/origin/13.0'
	at FSWatcher.start (internal/fs/watchers.js:165:26)
	at Object.watch (fs.js:1270:11)
	at Object.t.watch (/snap/code/35/usr/share/code/resources/app/extensions/git/dist/main.js:1:606659)
	at T.updateTransientWatchers (/snap/code/35/usr/share/code/resources/app/extensions/git/dist/main.js:1:84393)
	at e.fire (/snap/code/35/usr/share/code/resources/app/out/vs/workbench/services/extensions/node/extensionHostProcess.js:46:262)
	at e.updateModelState (/snap/code/35/usr/share/code/resources/app/extensions/git/dist/main.js:1:103799)
> git config --get commit.template
> git show :addons/birdeye/views/assets.xml
> git ls-files --stage -- /odoo/odoo-server/addons/birdeye/views/assets.xml
> git status -z -u
> git symbolic-ref --short HEAD
> git rev-parse 13.0
> git rev-parse --symbolic-full-name 13.0@{u}
> git rev-list --left-right 13.0...refs/remotes/origin/13.0
> git for-each-ref --format %(refname) %(objectname) --sort -committerdate
> git remote --verbose
Failed to watch ref '/odoo/odoo-server/.git/refs/remotes/origin/13.0', is most likely packed.
Error: ENOENT: no such file or directory, watch '/odoo/odoo-server/.git/refs/remotes/origin/13.0'
	at FSWatcher.start (internal/fs/watchers.js:165:26)
	at Object.watch (fs.js:1270:11)
	at Object.t.watch (/snap/code/35/usr/share/code/resources/app/extensions/git/dist/main.js:1:606659)
	at T.updateTransientWatchers (/snap/code/35/usr/share/code/resources/app/extensions/git/dist/main.js:1:84393)
	at e.fire (/snap/code/35/usr/share/code/resources/app/out/vs/workbench/services/extensions/node/extensionHostProcess.js:46:262)
	at e.updateModelState (/snap/code/35/usr/share/code/resources/app/extensions/git/dist/main.js:1:103799)
> git config --get commit.template
> git show :addons/birdeye/static/src/js/StarRating.js
> git ls-files --stage -- /odoo/odoo-server/addons/birdeye/static/src/js/StarRating.js
> git show :addons/birdeye/views/assets.xml
> git ls-files --stage -- /odoo/odoo-server/addons/birdeye/views/assets.xml
> git show :addons/birdeye/static/src/js/StarRating.js
> git ls-files --stage -- /odoo/odoo-server/addons/birdeye/static/src/js/StarRating.js
> git status -z -u
> git symbolic-ref --short HEAD
> git rev-parse 13.0
> git rev-parse --symbolic-full-name 13.0@{u}
> git rev-list --left-right 13.0...refs/remotes/origin/13.0
> git for-each-ref --format %(refname) %(objectname) --sort -committerdate
> git remote --verbose
Failed to watch ref '/odoo/odoo-server/.git/refs/remotes/origin/13.0', is most likely packed.
Error: ENOENT: no such file or directory, watch '/odoo/odoo-server/.git/refs/remotes/origin/13.0'
	at FSWatcher.start (internal/fs/watchers.js:165:26)
	at Object.watch (fs.js:1270:11)
	at Object.t.watch (/snap/code/35/usr/share/code/resources/app/extensions/git/dist/main.js:1:606659)
	at T.updateTransientWatchers (/snap/code/35/usr/share/code/resources/app/extensions/git/dist/main.js:1:84393)
	at e.fire (/snap/code/35/usr/share/code/resources/app/out/vs/workbench/services/extensions/node/extensionHostProcess.js:46:262)
	at e.updateModelState (/snap/code/35/usr/share/code/resources/app/extensions/git/dist/main.js:1:103799)
> git config --get commit.template
> git show :addons/birdeye/static/src/scss/style.scss
> git ls-files --stage -- /odoo/odoo-server/addons/birdeye/static/src/scss/style.scss
> git show :addons/birdeye/static/src/js/StarRating.js
> git ls-files --stage -- /odoo/odoo-server/addons/birdeye/static/src/js/StarRating.js
> git status -z -u
> git symbolic-ref --short HEAD
> git rev-parse 13.0
> git rev-parse --symbolic-full-name 13.0@{u}
> git rev-list --left-right 13.0...refs/remotes/origin/13.0
> git for-each-ref --format %(refname) %(objectname) --sort -committerdate
> git remote --verbose
Failed to watch ref '/odoo/odoo-server/.git/refs/remotes/origin/13.0', is most likely packed.
Error: ENOENT: no such file or directory, watch '/odoo/odoo-server/.git/refs/remotes/origin/13.0'
	at FSWatcher.start (internal/fs/watchers.js:165:26)
	at Object.watch (fs.js:1270:11)
	at Object.t.watch (/snap/code/35/usr/share/code/resources/app/extensions/git/dist/main.js:1:606659)
	at T.updateTransientWatchers (/snap/code/35/usr/share/code/resources/app/extensions/git/dist/main.js:1:84393)
	at e.fire (/snap/code/35/usr/share/code/resources/app/out/vs/workbench/services/extensions/node/extensionHostProcess.js:46:262)
	at e.updateModelState (/snap/code/35/usr/share/code/resources/app/extensions/git/dist/main.js:1:103799)
> git config --get commit.template
> git show :addons/birdeye/views/snippets.xml
> git ls-files --stage -- /odoo/odoo-server/addons/birdeye/views/snippets.xml
> git status -z -u
> git symbolic-ref --short HEAD
> git rev-parse 13.0
> git rev-parse --symbolic-full-name 13.0@{u}
> git rev-list --left-right 13.0...refs/remotes/origin/13.0
> git for-each-ref --format %(refname) %(objectname) --sort -committerdate
> git remote --verbose
Failed to watch ref '/odoo/odoo-server/.git/refs/remotes/origin/13.0', is most likely packed.
Error: ENOENT: no such file or directory, watch '/odoo/odoo-server/.git/refs/remotes/origin/13.0'
	at FSWatcher.start (internal/fs/watchers.js:165:26)
	at Object.watch (fs.js:1270:11)
	at Object.t.watch (/snap/code/35/usr/share/code/resources/app/extensions/git/dist/main.js:1:606659)
	at T.updateTransientWatchers (/snap/code/35/usr/share/code/resources/app/extensions/git/dist/main.js:1:84393)
	at e.fire (/snap/code/35/usr/share/code/resources/app/out/vs/workbench/services/extensions/node/extensionHostProcess.js:46:262)
	at e.updateModelState (/snap/code/35/usr/share/code/resources/app/extensions/git/dist/main.js:1:103799)
> git config --get commit.template
> git status -z -u
> git symbolic-ref --short HEAD
> git rev-parse 13.0
> git rev-parse --symbolic-full-name 13.0@{u}
> git rev-list --left-right 13.0...refs/remotes/origin/13.0
> git for-each-ref --format %(refname) %(objectname) --sort -committerdate
> git remote --verbose
Failed to watch ref '/odoo/odoo-server/.git/refs/remotes/origin/13.0', is most likely packed.
Error: ENOENT: no such file or directory, watch '/odoo/odoo-server/.git/refs/remotes/origin/13.0'
	at FSWatcher.start (internal/fs/watchers.js:165:26)
	at Object.watch (fs.js:1270:11)
	at Object.t.watch (/snap/code/35/usr/share/code/resources/app/extensions/git/dist/main.js:1:606659)
	at T.updateTransientWatchers (/snap/code/35/usr/share/code/resources/app/extensions/git/dist/main.js:1:84393)
	at e.fire (/snap/code/35/usr/share/code/resources/app/out/vs/workbench/services/extensions/node/extensionHostProcess.js:46:262)
	at e.updateModelState (/snap/code/35/usr/share/code/resources/app/extensions/git/dist/main.js:1:103799)
> git config --get commit.template
> git status -z -u
> git symbolic-ref --short HEAD
> git rev-parse 13.0
> git rev-parse --symbolic-full-name 13.0@{u}
> git rev-list --left-right 13.0...refs/remotes/origin/13.0
> git for-each-ref --format %(refname) %(objectname) --sort -committerdate
> git remote --verbose
Failed to watch ref '/odoo/odoo-server/.git/refs/remotes/origin/13.0', is most likely packed.
Error: ENOENT: no such file or directory, watch '/odoo/odoo-server/.git/refs/remotes/origin/13.0'
	at FSWatcher.start (internal/fs/watchers.js:165:26)
	at Object.watch (fs.js:1270:11)
	at Object.t.watch (/snap/code/35/usr/share/code/resources/app/extensions/git/dist/main.js:1:606659)
	at T.updateTransientWatchers (/snap/code/35/usr/share/code/resources/app/extensions/git/dist/main.js:1:84393)
	at e.fire (/snap/code/35/usr/share/code/resources/app/out/vs/workbench/services/extensions/node/extensionHostProcess.js:46:262)
	at e.updateModelState (/snap/code/35/usr/share/code/resources/app/extensions/git/dist/main.js:1:103799)
> git config --get commit.template
> git status -z -u
> git symbolic-ref --short HEAD
> git rev-parse 13.0
> git rev-parse --symbolic-full-name 13.0@{u}
> git rev-list --left-right 13.0...refs/remotes/origin/13.0
> git for-each-ref --format %(refname) %(objectname) --sort -committerdate
> git remote --verbose
Failed to watch ref '/odoo/odoo-server/.git/refs/remotes/origin/13.0', is most likely packed.
Error: ENOENT: no such file or directory, watch '/odoo/odoo-server/.git/refs/remotes/origin/13.0'
	at FSWatcher.start (internal/fs/watchers.js:165:26)
	at Object.watch (fs.js:1270:11)
	at Object.t.watch (/snap/code/35/usr/share/code/resources/app/extensions/git/dist/main.js:1:606659)
	at T.updateTransientWatchers (/snap/code/35/usr/share/code/resources/app/extensions/git/dist/main.js:1:84393)
	at e.fire (/snap/code/35/usr/share/code/resources/app/out/vs/workbench/services/extensions/node/extensionHostProcess.js:46:262)
	at e.updateModelState (/snap/code/35/usr/share/code/resources/app/extensions/git/dist/main.js:1:103799)
> git config --get commit.template
> git status -z -u
> git show :addons/birdeye/static/src/js/StarRating.js
> git ls-files --stage -- /odoo/odoo-server/addons/birdeye/static/src/js/StarRating.js
> git symbolic-ref --short HEAD
> git rev-parse 13.0
> git rev-parse --symbolic-full-name 13.0@{u}
> git rev-list --left-right 13.0...refs/remotes/origin/13.0
> git for-each-ref --format %(refname) %(objectname) --sort -committerdate
> git remote --verbose
Failed to watch ref '/odoo/odoo-server/.git/refs/remotes/origin/13.0', is most likely packed.
Error: ENOENT: no such file or directory, watch '/odoo/odoo-server/.git/refs/remotes/origin/13.0'
	at FSWatcher.start (internal/fs/watchers.js:165:26)
	at Object.watch (fs.js:1270:11)
	at Object.t.watch (/snap/code/35/usr/share/code/resources/app/extensions/git/dist/main.js:1:606659)
	at T.updateTransientWatchers (/snap/code/35/usr/share/code/resources/app/extensions/git/dist/main.js:1:84393)
	at e.fire (/snap/code/35/usr/share/code/resources/app/out/vs/workbench/services/extensions/node/extensionHostProcess.js:46:262)
	at e.updateModelState (/snap/code/35/usr/share/code/resources/app/extensions/git/dist/main.js:1:103799)
> git config --get commit.template
> git show :addons/birdeye/views/assets.xml
> git ls-files --stage -- /odoo/odoo-server/addons/birdeye/views/assets.xml
> git status -z -u
> git symbolic-ref --short HEAD
> git rev-parse 13.0
> git rev-parse --symbolic-full-name 13.0@{u}
> git rev-list --left-right 13.0...refs/remotes/origin/13.0
> git for-each-ref --format %(refname) %(objectname) --sort -committerdate
> git remote --verbose
Failed to watch ref '/odoo/odoo-server/.git/refs/remotes/origin/13.0', is most likely packed.
Error: ENOENT: no such file or directory, watch '/odoo/odoo-server/.git/refs/remotes/origin/13.0'
	at FSWatcher.start (internal/fs/watchers.js:165:26)
	at Object.watch (fs.js:1270:11)
	at Object.t.watch (/snap/code/35/usr/share/code/resources/app/extensions/git/dist/main.js:1:606659)
	at T.updateTransientWatchers (/snap/code/35/usr/share/code/resources/app/extensions/git/dist/main.js:1:84393)
	at e.fire (/snap/code/35/usr/share/code/resources/app/out/vs/workbench/services/extensions/node/extensionHostProcess.js:46:262)
	at e.updateModelState (/snap/code/35/usr/share/code/resources/app/extensions/git/dist/main.js:1:103799)
> git config --get commit.template
> git status -z -u
> git show :addons/birdeye/static/src/scss/style.scss
> git ls-files --stage -- /odoo/odoo-server/addons/birdeye/static/src/scss/style.scss
> git symbolic-ref --short HEAD
> git rev-parse 13.0
> git rev-parse --symbolic-full-name 13.0@{u}
> git rev-list --left-right 13.0...refs/remotes/origin/13.0
> git for-each-ref --format %(refname) %(objectname) --sort -committerdate
> git remote --verbose
Failed to watch ref '/odoo/odoo-server/.git/refs/remotes/origin/13.0', is most likely packed.
Error: ENOENT: no such file or directory, watch '/odoo/odoo-server/.git/refs/remotes/origin/13.0'
	at FSWatcher.start (internal/fs/watchers.js:165:26)
	at Object.watch (fs.js:1270:11)
	at Object.t.watch (/snap/code/35/usr/share/code/resources/app/extensions/git/dist/main.js:1:606659)
	at T.updateTransientWatchers (/snap/code/35/usr/share/code/resources/app/extensions/git/dist/main.js:1:84393)
	at e.fire (/snap/code/35/usr/share/code/resources/app/out/vs/workbench/services/extensions/node/extensionHostProcess.js:46:262)
	at e.updateModelState (/snap/code/35/usr/share/code/resources/app/extensions/git/dist/main.js:1:103799)
> git config --get commit.template
> git show :addons/birdeye/static/src/css/style.css
> git ls-files --stage -- /odoo/odoo-server/addons/birdeye/static/src/css/style.css
> git show :addons/birdeye/views/assets.xml
> git ls-files --stage -- /odoo/odoo-server/addons/birdeye/views/assets.xml
> git show :addons/birdeye/static/src/js/StarRating.js
> git ls-files --stage -- /odoo/odoo-server/addons/birdeye/static/src/js/StarRating.js
> git status -z -u
> git show :addons/birdeye/views/snippets.xml
> git ls-files --stage -- /odoo/odoo-server/addons/birdeye/views/snippets.xml
> git symbolic-ref --short HEAD
> git rev-parse 13.0
> git rev-parse --symbolic-full-name 13.0@{u}
> git rev-list --left-right 13.0...refs/remotes/origin/13.0
> git for-each-ref --format %(refname) %(objectname) --sort -committerdate
> git remote --verbose
Failed to watch ref '/odoo/odoo-server/.git/refs/remotes/origin/13.0', is most likely packed.
Error: ENOENT: no such file or directory, watch '/odoo/odoo-server/.git/refs/remotes/origin/13.0'
	at FSWatcher.start (internal/fs/watchers.js:165:26)
	at Object.watch (fs.js:1270:11)
	at Object.t.watch (/snap/code/35/usr/share/code/resources/app/extensions/git/dist/main.js:1:606659)
	at T.updateTransientWatchers (/snap/code/35/usr/share/code/resources/app/extensions/git/dist/main.js:1:84393)
	at e.fire (/snap/code/35/usr/share/code/resources/app/out/vs/workbench/services/extensions/node/extensionHostProcess.js:46:262)
	at e.updateModelState (/snap/code/35/usr/share/code/resources/app/extensions/git/dist/main.js:1:103799)
> git config --get commit.template
> git status -z -u
> git symbolic-ref --short HEAD
> git rev-parse 13.0
> git rev-parse --symbolic-full-name 13.0@{u}
> git rev-list --left-right 13.0...refs/remotes/origin/13.0
> git for-each-ref --format %(refname) %(objectname) --sort -committerdate
> git remote --verbose
Failed to watch ref '/odoo/odoo-server/.git/refs/remotes/origin/13.0', is most likely packed.
Error: ENOENT: no such file or directory, watch '/odoo/odoo-server/.git/refs/remotes/origin/13.0'
	at FSWatcher.start (internal/fs/watchers.js:165:26)
	at Object.watch (fs.js:1270:11)
	at Object.t.watch (/snap/code/35/usr/share/code/resources/app/extensions/git/dist/main.js:1:606659)
	at T.updateTransientWatchers (/snap/code/35/usr/share/code/resources/app/extensions/git/dist/main.js:1:84393)
	at e.fire (/snap/code/35/usr/share/code/resources/app/out/vs/workbench/services/extensions/node/extensionHostProcess.js:46:262)
	at e.updateModelState (/snap/code/35/usr/share/code/resources/app/extensions/git/dist/main.js:1:103799)
> git config --get commit.template
> git status -z -u
> git symbolic-ref --short HEAD
> git rev-parse 13.0
> git rev-parse --symbolic-full-name 13.0@{u}
> git rev-list --left-right 13.0...refs/remotes/origin/13.0
> git for-each-ref --format %(refname) %(objectname) --sort -committerdate
> git remote --verbose
Failed to watch ref '/odoo/odoo-server/.git/refs/remotes/origin/13.0', is most likely packed.
Error: ENOENT: no such file or directory, watch '/odoo/odoo-server/.git/refs/remotes/origin/13.0'
	at FSWatcher.start (internal/fs/watchers.js:165:26)
	at Object.watch (fs.js:1270:11)
	at Object.t.watch (/snap/code/35/usr/share/code/resources/app/extensions/git/dist/main.js:1:606659)
	at T.updateTransientWatchers (/snap/code/35/usr/share/code/resources/app/extensions/git/dist/main.js:1:84393)
	at e.fire (/snap/code/35/usr/share/code/resources/app/out/vs/workbench/services/extensions/node/extensionHostProcess.js:46:262)
	at e.updateModelState (/snap/code/35/usr/share/code/resources/app/extensions/git/dist/main.js:1:103799)
> git config --get commit.template
> git status -z -u
> git symbolic-ref --short HEAD
> git rev-parse 13.0
> git rev-parse --symbolic-full-name 13.0@{u}
> git rev-list --left-right 13.0...refs/remotes/origin/13.0
> git for-each-ref --format %(refname) %(objectname) --sort -committerdate
> git remote --verbose
Failed to watch ref '/odoo/odoo-server/.git/refs/remotes/origin/13.0', is most likely packed.
Error: ENOENT: no such file or directory, watch '/odoo/odoo-server/.git/refs/remotes/origin/13.0'
	at FSWatcher.start (internal/fs/watchers.js:165:26)
	at Object.watch (fs.js:1270:11)
	at Object.t.watch (/snap/code/35/usr/share/code/resources/app/extensions/git/dist/main.js:1:606659)
	at T.updateTransientWatchers (/snap/code/35/usr/share/code/resources/app/extensions/git/dist/main.js:1:84393)
	at e.fire (/snap/code/35/usr/share/code/resources/app/out/vs/workbench/services/extensions/node/extensionHostProcess.js:46:262)
	at e.updateModelState (/snap/code/35/usr/share/code/resources/app/extensions/git/dist/main.js:1:103799)
> git config --get commit.template
> git status -z -u
> git symbolic-ref --short HEAD
> git rev-parse 13.0
> git rev-parse --symbolic-full-name 13.0@{u}
> git rev-list --left-right 13.0...refs/remotes/origin/13.0
> git for-each-ref --format %(refname) %(objectname) --sort -committerdate
> git remote --verbose
Failed to watch ref '/odoo/odoo-server/.git/refs/remotes/origin/13.0', is most likely packed.
Error: ENOENT: no such file or directory, watch '/odoo/odoo-server/.git/refs/remotes/origin/13.0'
	at FSWatcher.start (internal/fs/watchers.js:165:26)
	at Object.watch (fs.js:1270:11)
	at Object.t.watch (/snap/code/35/usr/share/code/resources/app/extensions/git/dist/main.js:1:606659)
	at T.updateTransientWatchers (/snap/code/35/usr/share/code/resources/app/extensions/git/dist/main.js:1:84393)
	at e.fire (/snap/code/35/usr/share/code/resources/app/out/vs/workbench/services/extensions/node/extensionHostProcess.js:46:262)
	at e.updateModelState (/snap/code/35/usr/share/code/resources/app/extensions/git/dist/main.js:1:103799)
> git config --get commit.template
> git show :addons/birdeye/views/assets.xml
> git ls-files --stage -- /odoo/odoo-server/addons/birdeye/views/assets.xml
> git status -z -u
> git symbolic-ref --short HEAD
> git rev-parse 13.0
> git rev-parse --symbolic-full-name 13.0@{u}
> git rev-list --left-right 13.0...refs/remotes/origin/13.0
> git for-each-ref --format %(refname) %(objectname) --sort -committerdate
> git remote --verbose
Failed to watch ref '/odoo/odoo-server/.git/refs/remotes/origin/13.0', is most likely packed.
Error: ENOENT: no such file or directory, watch '/odoo/odoo-server/.git/refs/remotes/origin/13.0'
	at FSWatcher.start (internal/fs/watchers.js:165:26)
	at Object.watch (fs.js:1270:11)
	at Object.t.watch (/snap/code/35/usr/share/code/resources/app/extensions/git/dist/main.js:1:606659)
	at T.updateTransientWatchers (/snap/code/35/usr/share/code/resources/app/extensions/git/dist/main.js:1:84393)
	at e.fire (/snap/code/35/usr/share/code/resources/app/out/vs/workbench/services/extensions/node/extensionHostProcess.js:46:262)
	at e.updateModelState (/snap/code/35/usr/share/code/resources/app/extensions/git/dist/main.js:1:103799)
> git config --get commit.template
> git show :addons/birdeye/views/snippets.xml
> git ls-files --stage -- /odoo/odoo-server/addons/birdeye/views/snippets.xml
> git status -z -u
> git symbolic-ref --short HEAD
> git rev-parse 13.0
> git rev-parse --symbolic-full-name 13.0@{u}
> git rev-list --left-right 13.0...refs/remotes/origin/13.0
> git for-each-ref --format %(refname) %(objectname) --sort -committerdate
> git remote --verbose
Failed to watch ref '/odoo/odoo-server/.git/refs/remotes/origin/13.0', is most likely packed.
Error: ENOENT: no such file or directory, watch '/odoo/odoo-server/.git/refs/remotes/origin/13.0'
	at FSWatcher.start (internal/fs/watchers.js:165:26)
	at Object.watch (fs.js:1270:11)
	at Object.t.watch (/snap/code/35/usr/share/code/resources/app/extensions/git/dist/main.js:1:606659)
	at T.updateTransientWatchers (/snap/code/35/usr/share/code/resources/app/extensions/git/dist/main.js:1:84393)
	at e.fire (/snap/code/35/usr/share/code/resources/app/out/vs/workbench/services/extensions/node/extensionHostProcess.js:46:262)
	at e.updateModelState (/snap/code/35/usr/share/code/resources/app/extensions/git/dist/main.js:1:103799)
> git config --get commit.template
> git status -z -u
> git symbolic-ref --short HEAD
> git rev-parse 13.0
> git rev-parse --symbolic-full-name 13.0@{u}
> git rev-list --left-right 13.0...refs/remotes/origin/13.0
> git for-each-ref --format %(refname) %(objectname) --sort -committerdate
> git remote --verbose
Failed to watch ref '/odoo/odoo-server/.git/refs/remotes/origin/13.0', is most likely packed.
Error: ENOENT: no such file or directory, watch '/odoo/odoo-server/.git/refs/remotes/origin/13.0'
	at FSWatcher.start (internal/fs/watchers.js:165:26)
	at Object.watch (fs.js:1270:11)
	at Object.t.watch (/snap/code/35/usr/share/code/resources/app/extensions/git/dist/main.js:1:606659)
	at T.updateTransientWatchers (/snap/code/35/usr/share/code/resources/app/extensions/git/dist/main.js:1:84393)
	at e.fire (/snap/code/35/usr/share/code/resources/app/out/vs/workbench/services/extensions/node/extensionHostProcess.js:46:262)
	at e.updateModelState (/snap/code/35/usr/share/code/resources/app/extensions/git/dist/main.js:1:103799)
> git config --get commit.template
> git show :addons/birdeye/static/src/js/StarRating.js
> git ls-files --stage -- /odoo/odoo-server/addons/birdeye/static/src/js/StarRating.js
> git status -z -u
> git symbolic-ref --short HEAD
> git rev-parse 13.0
> git rev-parse --symbolic-full-name 13.0@{u}
> git rev-list --left-right 13.0...refs/remotes/origin/13.0
> git for-each-ref --format %(refname) %(objectname) --sort -committerdate
> git remote --verbose
Failed to watch ref '/odoo/odoo-server/.git/refs/remotes/origin/13.0', is most likely packed.
Error: ENOENT: no such file or directory, watch '/odoo/odoo-server/.git/refs/remotes/origin/13.0'
	at FSWatcher.start (internal/fs/watchers.js:165:26)
	at Object.watch (fs.js:1270:11)
	at Object.t.watch (/snap/code/35/usr/share/code/resources/app/extensions/git/dist/main.js:1:606659)
	at T.updateTransientWatchers (/snap/code/35/usr/share/code/resources/app/extensions/git/dist/main.js:1:84393)
	at e.fire (/snap/code/35/usr/share/code/resources/app/out/vs/workbench/services/extensions/node/extensionHostProcess.js:46:262)
	at e.updateModelState (/snap/code/35/usr/share/code/resources/app/extensions/git/dist/main.js:1:103799)
> git config --get commit.template
> git show :addons/birdeye/views/snippets.xml
> git ls-files --stage -- /odoo/odoo-server/addons/birdeye/views/snippets.xml
> git show :addons/birdeye/static/src/js/StarRating.js
> git ls-files --stage -- /odoo/odoo-server/addons/birdeye/static/src/js/StarRating.js
> git show :addons/birdeye/views/assets.xml
> git ls-files --stage -- /odoo/odoo-server/addons/birdeye/views/assets.xml
> git status -z -u
> git symbolic-ref --short HEAD
> git rev-parse 13.0
> git rev-parse --symbolic-full-name 13.0@{u}
> git rev-list --left-right 13.0...refs/remotes/origin/13.0
> git for-each-ref --format %(refname) %(objectname) --sort -committerdate
> git remote --verbose
Failed to watch ref '/odoo/odoo-server/.git/refs/remotes/origin/13.0', is most likely packed.
Error: ENOENT: no such file or directory, watch '/odoo/odoo-server/.git/refs/remotes/origin/13.0'
	at FSWatcher.start (internal/fs/watchers.js:165:26)
	at Object.watch (fs.js:1270:11)
	at Object.t.watch (/snap/code/35/usr/share/code/resources/app/extensions/git/dist/main.js:1:606659)
	at T.updateTransientWatchers (/snap/code/35/usr/share/code/resources/app/extensions/git/dist/main.js:1:84393)
	at e.fire (/snap/code/35/usr/share/code/resources/app/out/vs/workbench/services/extensions/node/extensionHostProcess.js:46:262)
	at e.updateModelState (/snap/code/35/usr/share/code/resources/app/extensions/git/dist/main.js:1:103799)
> git config --get commit.template
> git status -z -u
> git symbolic-ref --short HEAD
> git rev-parse 13.0
> git rev-parse --symbolic-full-name 13.0@{u}
> git rev-list --left-right 13.0...refs/remotes/origin/13.0
> git for-each-ref --format %(refname) %(objectname) --sort -committerdate
> git remote --verbose
Failed to watch ref '/odoo/odoo-server/.git/refs/remotes/origin/13.0', is most likely packed.
Error: ENOENT: no such file or directory, watch '/odoo/odoo-server/.git/refs/remotes/origin/13.0'
	at FSWatcher.start (internal/fs/watchers.js:165:26)
	at Object.watch (fs.js:1270:11)
	at Object.t.watch (/snap/code/35/usr/share/code/resources/app/extensions/git/dist/main.js:1:606659)
	at T.updateTransientWatchers (/snap/code/35/usr/share/code/resources/app/extensions/git/dist/main.js:1:84393)
	at e.fire (/snap/code/35/usr/share/code/resources/app/out/vs/workbench/services/extensions/node/extensionHostProcess.js:46:262)
	at e.updateModelState (/snap/code/35/usr/share/code/resources/app/extensions/git/dist/main.js:1:103799)
> git config --get commit.template
> git show :addons/birdeye/static/src/js/StarRating.js
> git ls-files --stage -- /odoo/odoo-server/addons/birdeye/static/src/js/StarRating.js
> git status -z -u
> git show :addons/birdeye/views/assets.xml
> git ls-files --stage -- /odoo/odoo-server/addons/birdeye/views/assets.xml
> git symbolic-ref --short HEAD
> git rev-parse 13.0
> git rev-parse --symbolic-full-name 13.0@{u}
> git rev-list --left-right 13.0...refs/remotes/origin/13.0
> git for-each-ref --format %(refname) %(objectname) --sort -committerdate
> git remote --verbose
Failed to watch ref '/odoo/odoo-server/.git/refs/remotes/origin/13.0', is most likely packed.
Error: ENOENT: no such file or directory, watch '/odoo/odoo-server/.git/refs/remotes/origin/13.0'
	at FSWatcher.start (internal/fs/watchers.js:165:26)
	at Object.watch (fs.js:1270:11)
	at Object.t.watch (/snap/code/35/usr/share/code/resources/app/extensions/git/dist/main.js:1:606659)
	at T.updateTransientWatchers (/snap/code/35/usr/share/code/resources/app/extensions/git/dist/main.js:1:84393)
	at e.fire (/snap/code/35/usr/share/code/resources/app/out/vs/workbench/services/extensions/node/extensionHostProcess.js:46:262)
	at e.updateModelState (/snap/code/35/usr/share/code/resources/app/extensions/git/dist/main.js:1:103799)
> git config --get commit.template
> git show :addons/birdeye/static/src/css/style.css
> git ls-files --stage -- /odoo/odoo-server/addons/birdeye/static/src/css/style.css
> git show :addons/birdeye/static/src/scss/style.scss
> git ls-files --stage -- /odoo/odoo-server/addons/birdeye/static/src/scss/style.scss
> git show :addons/birdeye/static/src/js/StarRating.js
> git ls-files --stage -- /odoo/odoo-server/addons/birdeye/static/src/js/StarRating.js
> git show :addons/birdeye/views/snippets.xml
> git ls-files --stage -- /odoo/odoo-server/addons/birdeye/views/snippets.xml
> git status -z -u
> git symbolic-ref --short HEAD
> git rev-parse 13.0
> git rev-parse --symbolic-full-name 13.0@{u}
> git rev-list --left-right 13.0...refs/remotes/origin/13.0
> git for-each-ref --format %(refname) %(objectname) --sort -committerdate
> git remote --verbose
Failed to watch ref '/odoo/odoo-server/.git/refs/remotes/origin/13.0', is most likely packed.
Error: ENOENT: no such file or directory, watch '/odoo/odoo-server/.git/refs/remotes/origin/13.0'
	at FSWatcher.start (internal/fs/watchers.js:165:26)
	at Object.watch (fs.js:1270:11)
	at Object.t.watch (/snap/code/35/usr/share/code/resources/app/extensions/git/dist/main.js:1:606659)
	at T.updateTransientWatchers (/snap/code/35/usr/share/code/resources/app/extensions/git/dist/main.js:1:84393)
	at e.fire (/snap/code/35/usr/share/code/resources/app/out/vs/workbench/services/extensions/node/extensionHostProcess.js:46:262)
	at e.updateModelState (/snap/code/35/usr/share/code/resources/app/extensions/git/dist/main.js:1:103799)
> git config --get commit.template
> git status -z -u
> git symbolic-ref --short HEAD
> git rev-parse 13.0
> git rev-parse --symbolic-full-name 13.0@{u}
> git rev-list --left-right 13.0...refs/remotes/origin/13.0
> git for-each-ref --format %(refname) %(objectname) --sort -committerdate
> git remote --verbose
Failed to watch ref '/odoo/odoo-server/.git/refs/remotes/origin/13.0', is most likely packed.
Error: ENOENT: no such file or directory, watch '/odoo/odoo-server/.git/refs/remotes/origin/13.0'
	at FSWatcher.start (internal/fs/watchers.js:165:26)
	at Object.watch (fs.js:1270:11)
	at Object.t.watch (/snap/code/35/usr/share/code/resources/app/extensions/git/dist/main.js:1:606659)
	at T.updateTransientWatchers (/snap/code/35/usr/share/code/resources/app/extensions/git/dist/main.js:1:84393)
	at e.fire (/snap/code/35/usr/share/code/resources/app/out/vs/workbench/services/extensions/node/extensionHostProcess.js:46:262)
	at e.updateModelState (/snap/code/35/usr/share/code/resources/app/extensions/git/dist/main.js:1:103799)
> git config --get commit.template
> git show :addons/birdeye/static/src/js/StarRating.js
> git ls-files --stage -- /odoo/odoo-server/addons/birdeye/static/src/js/StarRating.js
> git status -z -u
> git symbolic-ref --short HEAD
> git rev-parse 13.0
> git rev-parse --symbolic-full-name 13.0@{u}
> git rev-list --left-right 13.0...refs/remotes/origin/13.0
> git for-each-ref --format %(refname) %(objectname) --sort -committerdate
> git remote --verbose
Failed to watch ref '/odoo/odoo-server/.git/refs/remotes/origin/13.0', is most likely packed.
Error: ENOENT: no such file or directory, watch '/odoo/odoo-server/.git/refs/remotes/origin/13.0'
	at FSWatcher.start (internal/fs/watchers.js:165:26)
	at Object.watch (fs.js:1270:11)
	at Object.t.watch (/snap/code/35/usr/share/code/resources/app/extensions/git/dist/main.js:1:606659)
	at T.updateTransientWatchers (/snap/code/35/usr/share/code/resources/app/extensions/git/dist/main.js:1:84393)
	at e.fire (/snap/code/35/usr/share/code/resources/app/out/vs/workbench/services/extensions/node/extensionHostProcess.js:46:262)
	at e.updateModelState (/snap/code/35/usr/share/code/resources/app/extensions/git/dist/main.js:1:103799)
> git config --get commit.template
> git status -z -u
> git symbolic-ref --short HEAD
> git rev-parse 13.0
> git rev-parse --symbolic-full-name 13.0@{u}
> git rev-list --left-right 13.0...refs/remotes/origin/13.0
> git for-each-ref --format %(refname) %(objectname) --sort -committerdate
> git remote --verbose
Failed to watch ref '/odoo/odoo-server/.git/refs/remotes/origin/13.0', is most likely packed.
Error: ENOENT: no such file or directory, watch '/odoo/odoo-server/.git/refs/remotes/origin/13.0'
	at FSWatcher.start (internal/fs/watchers.js:165:26)
	at Object.watch (fs.js:1270:11)
	at Object.t.watch (/snap/code/35/usr/share/code/resources/app/extensions/git/dist/main.js:1:606659)
	at T.updateTransientWatchers (/snap/code/35/usr/share/code/resources/app/extensions/git/dist/main.js:1:84393)
	at e.fire (/snap/code/35/usr/share/code/resources/app/out/vs/workbench/services/extensions/node/extensionHostProcess.js:46:262)
	at e.updateModelState (/snap/code/35/usr/share/code/resources/app/extensions/git/dist/main.js:1:103799)
> git config --get commit.template
> git status -z -u
> git symbolic-ref --short HEAD
> git rev-parse 13.0
> git rev-parse --symbolic-full-name 13.0@{u}
> git rev-list --left-right 13.0...refs/remotes/origin/13.0
> git for-each-ref --format %(refname) %(objectname) --sort -committerdate
> git remote --verbose
Failed to watch ref '/odoo/odoo-server/.git/refs/remotes/origin/13.0', is most likely packed.
Error: ENOENT: no such file or directory, watch '/odoo/odoo-server/.git/refs/remotes/origin/13.0'
	at FSWatcher.start (internal/fs/watchers.js:165:26)
	at Object.watch (fs.js:1270:11)
	at Object.t.watch (/snap/code/35/usr/share/code/resources/app/extensions/git/dist/main.js:1:606659)
	at T.updateTransientWatchers (/snap/code/35/usr/share/code/resources/app/extensions/git/dist/main.js:1:84393)
	at e.fire (/snap/code/35/usr/share/code/resources/app/out/vs/workbench/services/extensions/node/extensionHostProcess.js:46:262)
	at e.updateModelState (/snap/code/35/usr/share/code/resources/app/extensions/git/dist/main.js:1:103799)
> git config --get commit.template
> git status -z -u
> git symbolic-ref --short HEAD
> git rev-parse 13.0
> git rev-parse --symbolic-full-name 13.0@{u}
> git rev-list --left-right 13.0...refs/remotes/origin/13.0
> git for-each-ref --format %(refname) %(objectname) --sort -committerdate
> git remote --verbose
Failed to watch ref '/odoo/odoo-server/.git/refs/remotes/origin/13.0', is most likely packed.
Error: ENOENT: no such file or directory, watch '/odoo/odoo-server/.git/refs/remotes/origin/13.0'
	at FSWatcher.start (internal/fs/watchers.js:165:26)
	at Object.watch (fs.js:1270:11)
	at Object.t.watch (/snap/code/35/usr/share/code/resources/app/extensions/git/dist/main.js:1:606659)
	at T.updateTransientWatchers (/snap/code/35/usr/share/code/resources/app/extensions/git/dist/main.js:1:84393)
	at e.fire (/snap/code/35/usr/share/code/resources/app/out/vs/workbench/services/extensions/node/extensionHostProcess.js:46:262)
	at e.updateModelState (/snap/code/35/usr/share/code/resources/app/extensions/git/dist/main.js:1:103799)
> git config --get commit.template
> git show :addons/birdeye/views/snippets.xml
> git ls-files --stage -- /odoo/odoo-server/addons/birdeye/views/snippets.xml
> git status -z -u
> git symbolic-ref --short HEAD
> git rev-parse 13.0
> git rev-parse --symbolic-full-name 13.0@{u}
> git rev-list --left-right 13.0...refs/remotes/origin/13.0
> git for-each-ref --format %(refname) %(objectname) --sort -committerdate
> git remote --verbose
Failed to watch ref '/odoo/odoo-server/.git/refs/remotes/origin/13.0', is most likely packed.
Error: ENOENT: no such file or directory, watch '/odoo/odoo-server/.git/refs/remotes/origin/13.0'
	at FSWatcher.start (internal/fs/watchers.js:165:26)
	at Object.watch (fs.js:1270:11)
	at Object.t.watch (/snap/code/35/usr/share/code/resources/app/extensions/git/dist/main.js:1:606659)
	at T.updateTransientWatchers (/snap/code/35/usr/share/code/resources/app/extensions/git/dist/main.js:1:84393)
	at e.fire (/snap/code/35/usr/share/code/resources/app/out/vs/workbench/services/extensions/node/extensionHostProcess.js:46:262)
	at e.updateModelState (/snap/code/35/usr/share/code/resources/app/extensions/git/dist/main.js:1:103799)
> git config --get commit.template
> git status -z -u
> git symbolic-ref --short HEAD
> git rev-parse 13.0
> git rev-parse --symbolic-full-name 13.0@{u}
> git rev-list --left-right 13.0...refs/remotes/origin/13.0
> git for-each-ref --format %(refname) %(objectname) --sort -committerdate
> git remote --verbose
Failed to watch ref '/odoo/odoo-server/.git/refs/remotes/origin/13.0', is most likely packed.
Error: ENOENT: no such file or directory, watch '/odoo/odoo-server/.git/refs/remotes/origin/13.0'
	at FSWatcher.start (internal/fs/watchers.js:165:26)
	at Object.watch (fs.js:1270:11)
	at Object.t.watch (/snap/code/35/usr/share/code/resources/app/extensions/git/dist/main.js:1:606659)
	at T.updateTransientWatchers (/snap/code/35/usr/share/code/resources/app/extensions/git/dist/main.js:1:84393)
	at e.fire (/snap/code/35/usr/share/code/resources/app/out/vs/workbench/services/extensions/node/extensionHostProcess.js:46:262)
	at e.updateModelState (/snap/code/35/usr/share/code/resources/app/extensions/git/dist/main.js:1:103799)
	at runMicrotasks (<anonymous>)
	at processTicksAndRejections (internal/process/task_queues.js:85:5)
> git config --get commit.template
> git status -z -u
> git symbolic-ref --short HEAD
> git rev-parse 13.0
> git rev-parse --symbolic-full-name 13.0@{u}
> git rev-list --left-right 13.0...refs/remotes/origin/13.0
> git for-each-ref --format %(refname) %(objectname) --sort -committerdate
> git remote --verbose
Failed to watch ref '/odoo/odoo-server/.git/refs/remotes/origin/13.0', is most likely packed.
Error: ENOENT: no such file or directory, watch '/odoo/odoo-server/.git/refs/remotes/origin/13.0'
	at FSWatcher.start (internal/fs/watchers.js:165:26)
	at Object.watch (fs.js:1270:11)
	at Object.t.watch (/snap/code/35/usr/share/code/resources/app/extensions/git/dist/main.js:1:606659)
	at T.updateTransientWatchers (/snap/code/35/usr/share/code/resources/app/extensions/git/dist/main.js:1:84393)
	at e.fire (/snap/code/35/usr/share/code/resources/app/out/vs/workbench/services/extensions/node/extensionHostProcess.js:46:262)
	at e.updateModelState (/snap/code/35/usr/share/code/resources/app/extensions/git/dist/main.js:1:103799)
> git config --get commit.template
> git status -z -u
> git symbolic-ref --short HEAD
> git rev-parse 13.0
> git rev-parse --symbolic-full-name 13.0@{u}
> git rev-list --left-right 13.0...refs/remotes/origin/13.0
> git for-each-ref --format %(refname) %(objectname) --sort -committerdate
> git remote --verbose
Failed to watch ref '/odoo/odoo-server/.git/refs/remotes/origin/13.0', is most likely packed.
Error: ENOENT: no such file or directory, watch '/odoo/odoo-server/.git/refs/remotes/origin/13.0'
	at FSWatcher.start (internal/fs/watchers.js:165:26)
	at Object.watch (fs.js:1270:11)
	at Object.t.watch (/snap/code/35/usr/share/code/resources/app/extensions/git/dist/main.js:1:606659)
	at T.updateTransientWatchers (/snap/code/35/usr/share/code/resources/app/extensions/git/dist/main.js:1:84393)
	at e.fire (/snap/code/35/usr/share/code/resources/app/out/vs/workbench/services/extensions/node/extensionHostProcess.js:46:262)
	at e.updateModelState (/snap/code/35/usr/share/code/resources/app/extensions/git/dist/main.js:1:103799)
> git config --get commit.template
> git status -z -u
> git symbolic-ref --short HEAD
> git rev-parse 13.0
> git rev-parse --symbolic-full-name 13.0@{u}
> git rev-list --left-right 13.0...refs/remotes/origin/13.0
> git for-each-ref --format %(refname) %(objectname) --sort -committerdate
> git remote --verbose
Failed to watch ref '/odoo/odoo-server/.git/refs/remotes/origin/13.0', is most likely packed.
Error: ENOENT: no such file or directory, watch '/odoo/odoo-server/.git/refs/remotes/origin/13.0'
	at FSWatcher.start (internal/fs/watchers.js:165:26)
	at Object.watch (fs.js:1270:11)
	at Object.t.watch (/snap/code/35/usr/share/code/resources/app/extensions/git/dist/main.js:1:606659)
	at T.updateTransientWatchers (/snap/code/35/usr/share/code/resources/app/extensions/git/dist/main.js:1:84393)
	at e.fire (/snap/code/35/usr/share/code/resources/app/out/vs/workbench/services/extensions/node/extensionHostProcess.js:46:262)
	at e.updateModelState (/snap/code/35/usr/share/code/resources/app/extensions/git/dist/main.js:1:103799)
> git config --get commit.template
> git status -z -u
> git symbolic-ref --short HEAD
> git rev-parse 13.0
> git rev-parse --symbolic-full-name 13.0@{u}
> git rev-list --left-right 13.0...refs/remotes/origin/13.0
> git for-each-ref --format %(refname) %(objectname) --sort -committerdate
> git remote --verbose
Failed to watch ref '/odoo/odoo-server/.git/refs/remotes/origin/13.0', is most likely packed.
Error: ENOENT: no such file or directory, watch '/odoo/odoo-server/.git/refs/remotes/origin/13.0'
	at FSWatcher.start (internal/fs/watchers.js:165:26)
	at Object.watch (fs.js:1270:11)
	at Object.t.watch (/snap/code/35/usr/share/code/resources/app/extensions/git/dist/main.js:1:606659)
	at T.updateTransientWatchers (/snap/code/35/usr/share/code/resources/app/extensions/git/dist/main.js:1:84393)
	at e.fire (/snap/code/35/usr/share/code/resources/app/out/vs/workbench/services/extensions/node/extensionHostProcess.js:46:262)
	at e.updateModelState (/snap/code/35/usr/share/code/resources/app/extensions/git/dist/main.js:1:103799)
	at runMicrotasks (<anonymous>)
	at processTicksAndRejections (internal/process/task_queues.js:85:5)
> git config --get commit.template
> git status -z -u
> git symbolic-ref --short HEAD
> git rev-parse 13.0
> git rev-parse --symbolic-full-name 13.0@{u}
> git rev-list --left-right 13.0...refs/remotes/origin/13.0
> git for-each-ref --format %(refname) %(objectname) --sort -committerdate
> git remote --verbose
Failed to watch ref '/odoo/odoo-server/.git/refs/remotes/origin/13.0', is most likely packed.
Error: ENOENT: no such file or directory, watch '/odoo/odoo-server/.git/refs/remotes/origin/13.0'
	at FSWatcher.start (internal/fs/watchers.js:165:26)
	at Object.watch (fs.js:1270:11)
	at Object.t.watch (/snap/code/35/usr/share/code/resources/app/extensions/git/dist/main.js:1:606659)
	at T.updateTransientWatchers (/snap/code/35/usr/share/code/resources/app/extensions/git/dist/main.js:1:84393)
	at e.fire (/snap/code/35/usr/share/code/resources/app/out/vs/workbench/services/extensions/node/extensionHostProcess.js:46:262)
	at e.updateModelState (/snap/code/35/usr/share/code/resources/app/extensions/git/dist/main.js:1:103799)
> git config --get commit.template
> git status -z -u
> git symbolic-ref --short HEAD
> git rev-parse 13.0
> git rev-parse --symbolic-full-name 13.0@{u}
> git rev-list --left-right 13.0...refs/remotes/origin/13.0
> git for-each-ref --format %(refname) %(objectname) --sort -committerdate
> git remote --verbose
Failed to watch ref '/odoo/odoo-server/.git/refs/remotes/origin/13.0', is most likely packed.
Error: ENOENT: no such file or directory, watch '/odoo/odoo-server/.git/refs/remotes/origin/13.0'
	at FSWatcher.start (internal/fs/watchers.js:165:26)
	at Object.watch (fs.js:1270:11)
	at Object.t.watch (/snap/code/35/usr/share/code/resources/app/extensions/git/dist/main.js:1:606659)
	at T.updateTransientWatchers (/snap/code/35/usr/share/code/resources/app/extensions/git/dist/main.js:1:84393)
	at e.fire (/snap/code/35/usr/share/code/resources/app/out/vs/workbench/services/extensions/node/extensionHostProcess.js:46:262)
	at e.updateModelState (/snap/code/35/usr/share/code/resources/app/extensions/git/dist/main.js:1:103799)
> git config --get commit.template
> git status -z -u
> git symbolic-ref --short HEAD
> git rev-parse 13.0
> git rev-parse --symbolic-full-name 13.0@{u}
> git rev-list --left-right 13.0...refs/remotes/origin/13.0
> git for-each-ref --format %(refname) %(objectname) --sort -committerdate
> git remote --verbose
Failed to watch ref '/odoo/odoo-server/.git/refs/remotes/origin/13.0', is most likely packed.
Error: ENOENT: no such file or directory, watch '/odoo/odoo-server/.git/refs/remotes/origin/13.0'
	at FSWatcher.start (internal/fs/watchers.js:165:26)
	at Object.watch (fs.js:1270:11)
	at Object.t.watch (/snap/code/35/usr/share/code/resources/app/extensions/git/dist/main.js:1:606659)
	at T.updateTransientWatchers (/snap/code/35/usr/share/code/resources/app/extensions/git/dist/main.js:1:84393)
	at e.fire (/snap/code/35/usr/share/code/resources/app/out/vs/workbench/services/extensions/node/extensionHostProcess.js:46:262)
	at e.updateModelState (/snap/code/35/usr/share/code/resources/app/extensions/git/dist/main.js:1:103799)
> git config --get commit.template
> git status -z -u
> git symbolic-ref --short HEAD
> git rev-parse 13.0
> git rev-parse --symbolic-full-name 13.0@{u}
> git rev-list --left-right 13.0...refs/remotes/origin/13.0
> git for-each-ref --format %(refname) %(objectname) --sort -committerdate
> git remote --verbose
Failed to watch ref '/odoo/odoo-server/.git/refs/remotes/origin/13.0', is most likely packed.
Error: ENOENT: no such file or directory, watch '/odoo/odoo-server/.git/refs/remotes/origin/13.0'
	at FSWatcher.start (internal/fs/watchers.js:165:26)
	at Object.watch (fs.js:1270:11)
	at Object.t.watch (/snap/code/35/usr/share/code/resources/app/extensions/git/dist/main.js:1:606659)
	at T.updateTransientWatchers (/snap/code/35/usr/share/code/resources/app/extensions/git/dist/main.js:1:84393)
	at e.fire (/snap/code/35/usr/share/code/resources/app/out/vs/workbench/services/extensions/node/extensionHostProcess.js:46:262)
	at e.updateModelState (/snap/code/35/usr/share/code/resources/app/extensions/git/dist/main.js:1:103799)
> git config --get commit.template
> git status -z -u
> git symbolic-ref --short HEAD
> git rev-parse 13.0
> git rev-parse --symbolic-full-name 13.0@{u}
> git rev-list --left-right 13.0...refs/remotes/origin/13.0
> git for-each-ref --format %(refname) %(objectname) --sort -committerdate
> git remote --verbose
Failed to watch ref '/odoo/odoo-server/.git/refs/remotes/origin/13.0', is most likely packed.
Error: ENOENT: no such file or directory, watch '/odoo/odoo-server/.git/refs/remotes/origin/13.0'
	at FSWatcher.start (internal/fs/watchers.js:165:26)
	at Object.watch (fs.js:1270:11)
	at Object.t.watch (/snap/code/35/usr/share/code/resources/app/extensions/git/dist/main.js:1:606659)
	at T.updateTransientWatchers (/snap/code/35/usr/share/code/resources/app/extensions/git/dist/main.js:1:84393)
	at e.fire (/snap/code/35/usr/share/code/resources/app/out/vs/workbench/services/extensions/node/extensionHostProcess.js:46:262)
	at e.updateModelState (/snap/code/35/usr/share/code/resources/app/extensions/git/dist/main.js:1:103799)
> git config --get commit.template
> git status -z -u
> git symbolic-ref --short HEAD
> git rev-parse 13.0
> git rev-parse --symbolic-full-name 13.0@{u}
> git rev-list --left-right 13.0...refs/remotes/origin/13.0
> git for-each-ref --format %(refname) %(objectname) --sort -committerdate
> git remote --verbose
Failed to watch ref '/odoo/odoo-server/.git/refs/remotes/origin/13.0', is most likely packed.
Error: ENOENT: no such file or directory, watch '/odoo/odoo-server/.git/refs/remotes/origin/13.0'
	at FSWatcher.start (internal/fs/watchers.js:165:26)
	at Object.watch (fs.js:1270:11)
	at Object.t.watch (/snap/code/35/usr/share/code/resources/app/extensions/git/dist/main.js:1:606659)
	at T.updateTransientWatchers (/snap/code/35/usr/share/code/resources/app/extensions/git/dist/main.js:1:84393)
	at e.fire (/snap/code/35/usr/share/code/resources/app/out/vs/workbench/services/extensions/node/extensionHostProcess.js:46:262)
	at e.updateModelState (/snap/code/35/usr/share/code/resources/app/extensions/git/dist/main.js:1:103799)
> git config --get commit.template
> git status -z -u
> git symbolic-ref --short HEAD
> git rev-parse 13.0
> git rev-parse --symbolic-full-name 13.0@{u}
> git rev-list --left-right 13.0...refs/remotes/origin/13.0
> git for-each-ref --format %(refname) %(objectname) --sort -committerdate
> git remote --verbose
Failed to watch ref '/odoo/odoo-server/.git/refs/remotes/origin/13.0', is most likely packed.
Error: ENOENT: no such file or directory, watch '/odoo/odoo-server/.git/refs/remotes/origin/13.0'
	at FSWatcher.start (internal/fs/watchers.js:165:26)
	at Object.watch (fs.js:1270:11)
	at Object.t.watch (/snap/code/35/usr/share/code/resources/app/extensions/git/dist/main.js:1:606659)
	at T.updateTransientWatchers (/snap/code/35/usr/share/code/resources/app/extensions/git/dist/main.js:1:84393)
	at e.fire (/snap/code/35/usr/share/code/resources/app/out/vs/workbench/services/extensions/node/extensionHostProcess.js:46:262)
	at e.updateModelState (/snap/code/35/usr/share/code/resources/app/extensions/git/dist/main.js:1:103799)
> git config --get commit.template
> git status -z -u
> git symbolic-ref --short HEAD
> git rev-parse 13.0
> git rev-parse --symbolic-full-name 13.0@{u}
> git rev-list --left-right 13.0...refs/remotes/origin/13.0
> git for-each-ref --format %(refname) %(objectname) --sort -committerdate
> git remote --verbose
Failed to watch ref '/odoo/odoo-server/.git/refs/remotes/origin/13.0', is most likely packed.
Error: ENOENT: no such file or directory, watch '/odoo/odoo-server/.git/refs/remotes/origin/13.0'
	at FSWatcher.start (internal/fs/watchers.js:165:26)
	at Object.watch (fs.js:1270:11)
	at Object.t.watch (/snap/code/35/usr/share/code/resources/app/extensions/git/dist/main.js:1:606659)
	at T.updateTransientWatchers (/snap/code/35/usr/share/code/resources/app/extensions/git/dist/main.js:1:84393)
	at e.fire (/snap/code/35/usr/share/code/resources/app/out/vs/workbench/services/extensions/node/extensionHostProcess.js:46:262)
	at e.updateModelState (/snap/code/35/usr/share/code/resources/app/extensions/git/dist/main.js:1:103799)
> git config --get commit.template
> git show :addons/birdeye/static/src/js/StarRating.js
> git ls-files --stage -- /odoo/odoo-server/addons/birdeye/static/src/js/StarRating.js
> git status -z -u
> git symbolic-ref --short HEAD
> git rev-parse 13.0
> git rev-parse --symbolic-full-name 13.0@{u}
> git rev-list --left-right 13.0...refs/remotes/origin/13.0
> git for-each-ref --format %(refname) %(objectname) --sort -committerdate
> git remote --verbose
Failed to watch ref '/odoo/odoo-server/.git/refs/remotes/origin/13.0', is most likely packed.
Error: ENOENT: no such file or directory, watch '/odoo/odoo-server/.git/refs/remotes/origin/13.0'
	at FSWatcher.start (internal/fs/watchers.js:165:26)
	at Object.watch (fs.js:1270:11)
	at Object.t.watch (/snap/code/35/usr/share/code/resources/app/extensions/git/dist/main.js:1:606659)
	at T.updateTransientWatchers (/snap/code/35/usr/share/code/resources/app/extensions/git/dist/main.js:1:84393)
	at e.fire (/snap/code/35/usr/share/code/resources/app/out/vs/workbench/services/extensions/node/extensionHostProcess.js:46:262)
	at e.updateModelState (/snap/code/35/usr/share/code/resources/app/extensions/git/dist/main.js:1:103799)
	at runMicrotasks (<anonymous>)
	at processTicksAndRejections (internal/process/task_queues.js:85:5)
> git config --get commit.template
> git show :addons/birdeye/static/src/css/style.css
> git ls-files --stage -- /odoo/odoo-server/addons/birdeye/static/src/css/style.css
> git show :addons/birdeye/static/src/js/StarRating.js
> git ls-files --stage -- /odoo/odoo-server/addons/birdeye/static/src/js/StarRating.js
> git show :addons/birdeye/views/snippets.xml
> git ls-files --stage -- /odoo/odoo-server/addons/birdeye/views/snippets.xml
> git status -z -u
> git symbolic-ref --short HEAD
> git rev-parse 13.0
> git rev-parse --symbolic-full-name 13.0@{u}
> git rev-list --left-right 13.0...refs/remotes/origin/13.0
> git for-each-ref --format %(refname) %(objectname) --sort -committerdate
> git remote --verbose
Failed to watch ref '/odoo/odoo-server/.git/refs/remotes/origin/13.0', is most likely packed.
Error: ENOENT: no such file or directory, watch '/odoo/odoo-server/.git/refs/remotes/origin/13.0'
	at FSWatcher.start (internal/fs/watchers.js:165:26)
	at Object.watch (fs.js:1270:11)
	at Object.t.watch (/snap/code/35/usr/share/code/resources/app/extensions/git/dist/main.js:1:606659)
	at T.updateTransientWatchers (/snap/code/35/usr/share/code/resources/app/extensions/git/dist/main.js:1:84393)
	at e.fire (/snap/code/35/usr/share/code/resources/app/out/vs/workbench/services/extensions/node/extensionHostProcess.js:46:262)
	at e.updateModelState (/snap/code/35/usr/share/code/resources/app/extensions/git/dist/main.js:1:103799)
> git config --get commit.template
> git show :addons/birdeye/static/src/js/StarRating.js
> git ls-files --stage -- /odoo/odoo-server/addons/birdeye/static/src/js/StarRating.js
> git status -z -u
> git symbolic-ref --short HEAD
> git rev-parse 13.0
> git rev-parse --symbolic-full-name 13.0@{u}
> git rev-list --left-right 13.0...refs/remotes/origin/13.0
> git for-each-ref --format %(refname) %(objectname) --sort -committerdate
> git remote --verbose
Failed to watch ref '/odoo/odoo-server/.git/refs/remotes/origin/13.0', is most likely packed.
Error: ENOENT: no such file or directory, watch '/odoo/odoo-server/.git/refs/remotes/origin/13.0'
	at FSWatcher.start (internal/fs/watchers.js:165:26)
	at Object.watch (fs.js:1270:11)
	at Object.t.watch (/snap/code/35/usr/share/code/resources/app/extensions/git/dist/main.js:1:606659)
	at T.updateTransientWatchers (/snap/code/35/usr/share/code/resources/app/extensions/git/dist/main.js:1:84393)
	at e.fire (/snap/code/35/usr/share/code/resources/app/out/vs/workbench/services/extensions/node/extensionHostProcess.js:46:262)
	at e.updateModelState (/snap/code/35/usr/share/code/resources/app/extensions/git/dist/main.js:1:103799)
> git config --get commit.template
> git status -z -u
> git symbolic-ref --short HEAD
> git rev-parse 13.0
> git rev-parse --symbolic-full-name 13.0@{u}
> git rev-list --left-right 13.0...refs/remotes/origin/13.0
> git for-each-ref --format %(refname) %(objectname) --sort -committerdate
> git remote --verbose
Failed to watch ref '/odoo/odoo-server/.git/refs/remotes/origin/13.0', is most likely packed.
Error: ENOENT: no such file or directory, watch '/odoo/odoo-server/.git/refs/remotes/origin/13.0'
	at FSWatcher.start (internal/fs/watchers.js:165:26)
	at Object.watch (fs.js:1270:11)
	at Object.t.watch (/snap/code/35/usr/share/code/resources/app/extensions/git/dist/main.js:1:606659)
	at T.updateTransientWatchers (/snap/code/35/usr/share/code/resources/app/extensions/git/dist/main.js:1:84393)
	at e.fire (/snap/code/35/usr/share/code/resources/app/out/vs/workbench/services/extensions/node/extensionHostProcess.js:46:262)
	at e.updateModelState (/snap/code/35/usr/share/code/resources/app/extensions/git/dist/main.js:1:103799)
> git config --get commit.template
> git status -z -u
> git symbolic-ref --short HEAD
> git rev-parse 13.0
> git rev-parse --symbolic-full-name 13.0@{u}
> git rev-list --left-right 13.0...refs/remotes/origin/13.0
> git for-each-ref --format %(refname) %(objectname) --sort -committerdate
> git remote --verbose
Failed to watch ref '/odoo/odoo-server/.git/refs/remotes/origin/13.0', is most likely packed.
Error: ENOENT: no such file or directory, watch '/odoo/odoo-server/.git/refs/remotes/origin/13.0'
	at FSWatcher.start (internal/fs/watchers.js:165:26)
	at Object.watch (fs.js:1270:11)
	at Object.t.watch (/snap/code/35/usr/share/code/resources/app/extensions/git/dist/main.js:1:606659)
	at T.updateTransientWatchers (/snap/code/35/usr/share/code/resources/app/extensions/git/dist/main.js:1:84393)
	at e.fire (/snap/code/35/usr/share/code/resources/app/out/vs/workbench/services/extensions/node/extensionHostProcess.js:46:262)
	at e.updateModelState (/snap/code/35/usr/share/code/resources/app/extensions/git/dist/main.js:1:103799)
> git config --get commit.template
> git status -z -u
> git symbolic-ref --short HEAD
> git rev-parse 13.0
> git rev-parse --symbolic-full-name 13.0@{u}
> git rev-list --left-right 13.0...refs/remotes/origin/13.0
> git for-each-ref --format %(refname) %(objectname) --sort -committerdate
> git remote --verbose
Failed to watch ref '/odoo/odoo-server/.git/refs/remotes/origin/13.0', is most likely packed.
Error: ENOENT: no such file or directory, watch '/odoo/odoo-server/.git/refs/remotes/origin/13.0'
	at FSWatcher.start (internal/fs/watchers.js:165:26)
	at Object.watch (fs.js:1270:11)
	at Object.t.watch (/snap/code/35/usr/share/code/resources/app/extensions/git/dist/main.js:1:606659)
	at T.updateTransientWatchers (/snap/code/35/usr/share/code/resources/app/extensions/git/dist/main.js:1:84393)
	at e.fire (/snap/code/35/usr/share/code/resources/app/out/vs/workbench/services/extensions/node/extensionHostProcess.js:46:262)
	at e.updateModelState (/snap/code/35/usr/share/code/resources/app/extensions/git/dist/main.js:1:103799)
> git config --get commit.template
> git status -z -u
> git symbolic-ref --short HEAD
> git rev-parse 13.0
> git rev-parse --symbolic-full-name 13.0@{u}
> git rev-list --left-right 13.0...refs/remotes/origin/13.0
> git for-each-ref --format %(refname) %(objectname) --sort -committerdate
> git remote --verbose
Failed to watch ref '/odoo/odoo-server/.git/refs/remotes/origin/13.0', is most likely packed.
Error: ENOENT: no such file or directory, watch '/odoo/odoo-server/.git/refs/remotes/origin/13.0'
	at FSWatcher.start (internal/fs/watchers.js:165:26)
	at Object.watch (fs.js:1270:11)
	at Object.t.watch (/snap/code/35/usr/share/code/resources/app/extensions/git/dist/main.js:1:606659)
	at T.updateTransientWatchers (/snap/code/35/usr/share/code/resources/app/extensions/git/dist/main.js:1:84393)
	at e.fire (/snap/code/35/usr/share/code/resources/app/out/vs/workbench/services/extensions/node/extensionHostProcess.js:46:262)
	at e.updateModelState (/snap/code/35/usr/share/code/resources/app/extensions/git/dist/main.js:1:103799)
> git config --get commit.template
> git status -z -u
> git symbolic-ref --short HEAD
> git rev-parse 13.0
> git rev-parse --symbolic-full-name 13.0@{u}
> git rev-list --left-right 13.0...refs/remotes/origin/13.0
> git for-each-ref --format %(refname) %(objectname) --sort -committerdate
> git remote --verbose
Failed to watch ref '/odoo/odoo-server/.git/refs/remotes/origin/13.0', is most likely packed.
Error: ENOENT: no such file or directory, watch '/odoo/odoo-server/.git/refs/remotes/origin/13.0'
	at FSWatcher.start (internal/fs/watchers.js:165:26)
	at Object.watch (fs.js:1270:11)
	at Object.t.watch (/snap/code/35/usr/share/code/resources/app/extensions/git/dist/main.js:1:606659)
	at T.updateTransientWatchers (/snap/code/35/usr/share/code/resources/app/extensions/git/dist/main.js:1:84393)
	at e.fire (/snap/code/35/usr/share/code/resources/app/out/vs/workbench/services/extensions/node/extensionHostProcess.js:46:262)
	at e.updateModelState (/snap/code/35/usr/share/code/resources/app/extensions/git/dist/main.js:1:103799)
> git config --get commit.template
> git status -z -u
> git symbolic-ref --short HEAD
> git rev-parse 13.0
> git rev-parse --symbolic-full-name 13.0@{u}
> git rev-list --left-right 13.0...refs/remotes/origin/13.0
> git for-each-ref --format %(refname) %(objectname) --sort -committerdate
> git remote --verbose
Failed to watch ref '/odoo/odoo-server/.git/refs/remotes/origin/13.0', is most likely packed.
Error: ENOENT: no such file or directory, watch '/odoo/odoo-server/.git/refs/remotes/origin/13.0'
	at FSWatcher.start (internal/fs/watchers.js:165:26)
	at Object.watch (fs.js:1270:11)
	at Object.t.watch (/snap/code/35/usr/share/code/resources/app/extensions/git/dist/main.js:1:606659)
	at T.updateTransientWatchers (/snap/code/35/usr/share/code/resources/app/extensions/git/dist/main.js:1:84393)
	at e.fire (/snap/code/35/usr/share/code/resources/app/out/vs/workbench/services/extensions/node/extensionHostProcess.js:46:262)
	at e.updateModelState (/snap/code/35/usr/share/code/resources/app/extensions/git/dist/main.js:1:103799)
> git config --get commit.template
> git status -z -u
> git symbolic-ref --short HEAD
> git rev-parse 13.0
> git rev-parse --symbolic-full-name 13.0@{u}
> git rev-list --left-right 13.0...refs/remotes/origin/13.0
> git for-each-ref --format %(refname) %(objectname) --sort -committerdate
> git remote --verbose
Failed to watch ref '/odoo/odoo-server/.git/refs/remotes/origin/13.0', is most likely packed.
Error: ENOENT: no such file or directory, watch '/odoo/odoo-server/.git/refs/remotes/origin/13.0'
	at FSWatcher.start (internal/fs/watchers.js:165:26)
	at Object.watch (fs.js:1270:11)
	at Object.t.watch (/snap/code/35/usr/share/code/resources/app/extensions/git/dist/main.js:1:606659)
	at T.updateTransientWatchers (/snap/code/35/usr/share/code/resources/app/extensions/git/dist/main.js:1:84393)
	at e.fire (/snap/code/35/usr/share/code/resources/app/out/vs/workbench/services/extensions/node/extensionHostProcess.js:46:262)
	at e.updateModelState (/snap/code/35/usr/share/code/resources/app/extensions/git/dist/main.js:1:103799)
> git config --get commit.template
> git status -z -u
> git symbolic-ref --short HEAD
> git rev-parse 13.0
> git rev-parse --symbolic-full-name 13.0@{u}
> git rev-list --left-right 13.0...refs/remotes/origin/13.0
> git for-each-ref --format %(refname) %(objectname) --sort -committerdate
> git remote --verbose
Failed to watch ref '/odoo/odoo-server/.git/refs/remotes/origin/13.0', is most likely packed.
Error: ENOENT: no such file or directory, watch '/odoo/odoo-server/.git/refs/remotes/origin/13.0'
	at FSWatcher.start (internal/fs/watchers.js:165:26)
	at Object.watch (fs.js:1270:11)
	at Object.t.watch (/snap/code/35/usr/share/code/resources/app/extensions/git/dist/main.js:1:606659)
	at T.updateTransientWatchers (/snap/code/35/usr/share/code/resources/app/extensions/git/dist/main.js:1:84393)
	at e.fire (/snap/code/35/usr/share/code/resources/app/out/vs/workbench/services/extensions/node/extensionHostProcess.js:46:262)
	at e.updateModelState (/snap/code/35/usr/share/code/resources/app/extensions/git/dist/main.js:1:103799)
> git config --get commit.template
