[2020-06-20 16:04:34.030] [exthost] [info] extension host started
[2020-06-20 16:04:34.077] [exthost] [info] ExtensionService#_doActivateExtension aaron-bond.better-comments {"startup":false,"extensionId":{"value":"aaron-bond.better-comments","_lower":"aaron-bond.better-comments"},"activationEvent":"onLanguage:plaintext"}
[2020-06-20 16:04:34.078] [exthost] [info] ExtensionService#loadCommonJSModule file:///root/.vscode/extensions/aaron-bond.better-comments-2.0.5/out/extension
[2020-06-20 16:04:34.230] [exthost] [info] ExtensionService#_doActivateExtension DotJoshJohnson.xml {"startup":false,"extensionId":{"value":"DotJoshJohnson.xml","_lower":"dotjoshjohnson.xml"},"activationEvent":"onLanguage:xml"}
[2020-06-20 16:04:34.230] [exthost] [info] ExtensionService#loadCommonJSModule file:///root/.vscode/extensions/dotjoshjohnson.xml-2.5.0/out/extension
[2020-06-20 16:04:34.355] [exthost] [info] ExtensionService#_doActivateExtension vscode.python {"startup":false,"extensionId":{"value":"vscode.python","_lower":"vscode.python"},"activationEvent":"onLanguage:python"}
[2020-06-20 16:04:34.355] [exthost] [info] ExtensionService#loadCommonJSModule file:///snap/code/35/usr/share/code/resources/app/extensions/python/dist/pythonMain
[2020-06-20 16:04:34.419] [exthost] [info] ExtensionService#_doActivateExtension ms-python.python {"startup":false,"extensionId":{"value":"ms-python.python","_lower":"ms-python.python"},"activationEvent":"onLanguage:python"}
[2020-06-20 16:04:34.419] [exthost] [info] ExtensionService#loadCommonJSModule file:///root/.vscode/extensions/ms-python.python-2020.6.89148/out/client/extension
[2020-06-20 16:04:34.994] [exthost] [info] ExtensionService#_doActivateExtension njpwerner.autodocstring {"startup":false,"extensionId":{"value":"njpwerner.autodocstring","_lower":"njpwerner.autodocstring"},"activationEvent":"onLanguage:python"}
[2020-06-20 16:04:34.994] [exthost] [info] ExtensionService#loadCommonJSModule file:///root/.vscode/extensions/njpwerner.autodocstring-0.5.3/out/extension.js
[2020-06-20 16:04:35.083] [exthost] [info] ExtensionService#_doActivateExtension VisualStudioExptTeam.vscodeintellicode {"startup":false,"extensionId":{"value":"VisualStudioExptTeam.vscodeintellicode","_lower":"visualstudioexptteam.vscodeintellicode"},"activationEvent":"onLanguage:python"}
[2020-06-20 16:04:35.083] [exthost] [info] ExtensionService#loadCommonJSModule file:///root/.vscode/extensions/visualstudioexptteam.vscodeintellicode-1.2.8/dist/intellicode
[2020-06-20 16:04:35.185] [exthost] [info] ExtensionService#_doActivateExtension vscode.debug-auto-launch {"startup":true,"extensionId":{"value":"vscode.debug-auto-launch","_lower":"vscode.debug-auto-launch"},"activationEvent":"*"}
[2020-06-20 16:04:35.186] [exthost] [info] ExtensionService#loadCommonJSModule file:///snap/code/35/usr/share/code/resources/app/extensions/debug-auto-launch/dist/extension
[2020-06-20 16:04:35.190] [exthost] [info] ExtensionService#_doActivateExtension vscode.emmet {"startup":true,"extensionId":{"value":"vscode.emmet","_lower":"vscode.emmet"},"activationEvent":"*"}
[2020-06-20 16:04:35.190] [exthost] [info] ExtensionService#loadCommonJSModule file:///snap/code/35/usr/share/code/resources/app/extensions/emmet/dist/extension
[2020-06-20 16:04:35.214] [exthost] [info] ExtensionService#_doActivateExtension vscode.git {"startup":true,"extensionId":{"value":"vscode.github","_lower":"vscode.github"},"activationEvent":"*"}
[2020-06-20 16:04:35.214] [exthost] [info] ExtensionService#loadCommonJSModule file:///snap/code/35/usr/share/code/resources/app/extensions/git/dist/main
[2020-06-20 16:04:35.250] [exthost] [info] ExtensionService#_doActivateExtension vscode.github-authentication {"startup":true,"extensionId":{"value":"vscode.github-authentication","_lower":"vscode.github-authentication"},"activationEvent":"*"}
[2020-06-20 16:04:35.250] [exthost] [info] ExtensionService#loadCommonJSModule file:///snap/code/35/usr/share/code/resources/app/extensions/github-authentication/dist/extension.js
[2020-06-20 16:04:35.256] [exthost] [info] ExtensionService#_doActivateExtension vscode.merge-conflict {"startup":true,"extensionId":{"value":"vscode.merge-conflict","_lower":"vscode.merge-conflict"},"activationEvent":"*"}
[2020-06-20 16:04:35.256] [exthost] [info] ExtensionService#loadCommonJSModule file:///snap/code/35/usr/share/code/resources/app/extensions/merge-conflict/dist/extension
[2020-06-20 16:04:35.259] [exthost] [info] ExtensionService#_doActivateExtension vscode.microsoft-authentication {"startup":true,"extensionId":{"value":"vscode.microsoft-authentication","_lower":"vscode.microsoft-authentication"},"activationEvent":"*"}
[2020-06-20 16:04:35.259] [exthost] [info] ExtensionService#loadCommonJSModule file:///snap/code/35/usr/share/code/resources/app/extensions/microsoft-authentication/dist/extension.js
[2020-06-20 16:04:35.265] [exthost] [info] ExtensionService#_doActivateExtension vscode.search-result {"startup":true,"extensionId":{"value":"vscode.search-result","_lower":"vscode.search-result"},"activationEvent":"*"}
[2020-06-20 16:04:35.265] [exthost] [info] ExtensionService#loadCommonJSModule file:///snap/code/35/usr/share/code/resources/app/extensions/search-result/dist/extension.js
[2020-06-20 16:04:35.267] [exthost] [info] ExtensionService#_doActivateExtension CoenraadS.bracket-pair-colorizer {"startup":true,"extensionId":{"value":"CoenraadS.bracket-pair-colorizer","_lower":"coenraads.bracket-pair-colorizer"},"activationEvent":"*"}
[2020-06-20 16:04:35.267] [exthost] [info] ExtensionService#loadCommonJSModule file:///root/.vscode/extensions/coenraads.bracket-pair-colorizer-1.0.61/out/src/extension
[2020-06-20 16:04:36.127] [exthost] [info] ExtensionService#_doActivateExtension dbaeumer.vscode-eslint {"startup":true,"extensionId":{"value":"dbaeumer.vscode-eslint","_lower":"dbaeumer.vscode-eslint"},"activationEvent":"*"}
[2020-06-20 16:04:36.127] [exthost] [info] ExtensionService#loadCommonJSModule file:///root/.vscode/extensions/dbaeumer.vscode-eslint-2.1.5/client/out/extension
[2020-06-20 16:04:36.154] [exthost] [info] ExtensionService#_doActivateExtension esbenp.prettier-vscode {"startup":true,"extensionId":{"value":"esbenp.prettier-vscode","_lower":"esbenp.prettier-vscode"},"activationEvent":"*"}
[2020-06-20 16:04:36.154] [exthost] [info] ExtensionService#loadCommonJSModule file:///root/.vscode/extensions/esbenp.prettier-vscode-5.1.0/dist/extension
[2020-06-20 16:04:36.300] [exthost] [info] ExtensionService#_doActivateExtension streetsidesoftware.code-spell-checker {"startup":true,"extensionId":{"value":"streetsidesoftware.code-spell-checker","_lower":"streetsidesoftware.code-spell-checker"},"activationEvent":"*"}
[2020-06-20 16:04:36.300] [exthost] [info] ExtensionService#loadCommonJSModule file:///root/.vscode/extensions/streetsidesoftware.code-spell-checker-1.9.0/dist/extension
[2020-06-20 16:04:36.356] [exthost] [info] ExtensionService#_doActivateExtension vscode-icons-team.vscode-icons {"startup":true,"extensionId":{"value":"vscode-icons-team.vscode-icons","_lower":"vscode-icons-team.vscode-icons"},"activationEvent":"*"}
[2020-06-20 16:04:36.356] [exthost] [info] ExtensionService#loadCommonJSModule file:///root/.vscode/extensions/vscode-icons-team.vscode-icons-10.1.1/dist/src/vscode-icons.bundle.js
[2020-06-20 16:04:40.989] [exthost] [info] ExtensionService#_doActivateExtension vscode.github {"startup":true,"extensionId":{"value":"vscode.github","_lower":"vscode.github"},"activationEvent":"*"}
[2020-06-20 16:04:40.989] [exthost] [info] ExtensionService#loadCommonJSModule file:///snap/code/35/usr/share/code/resources/app/extensions/github/dist/extension.js
[2020-06-20 16:04:41.001] [exthost] [info] eager extensions activated
[2020-06-20 17:20:12.274] [exthost] [info] ExtensionService#_doActivateExtension vscode.css-language-features {"startup":false,"extensionId":{"value":"vscode.css-language-features","_lower":"vscode.css-language-features"},"activationEvent":"onLanguage:scss"}
[2020-06-20 17:20:12.275] [exthost] [info] ExtensionService#loadCommonJSModule file:///snap/code/35/usr/share/code/resources/app/extensions/css-language-features/client/dist/node/cssClientMain
