User belongs to experiment group 'AlwaysDisplayTestExplorer - experiment'
User belongs to experiment group 'ShowPlayIcon - start'
User belongs to experiment group 'UseTerminalToGetActivatedEnvVars - control'
User belongs to experiment group 'LocalZMQKernel - control'
User belongs to experiment group 'CollectLSRequestTiming - control'
User belongs to experiment group 'CollectNodeLSRequestTiming - experiment'
User belongs to experiment group 'EnableIPyWidgets - experiment'
User belongs to experiment group 'RunByLine - control'
User belongs to experiment group 'CustomEditorSupport - control'
> conda --version
> pyenv root
> python3.7 ~/.vscode/extensions/ms-python.python-2020.6.89148/pythonFiles/pyvsc-run-isolated.py -c "import sys;print(sys.executable)"
> python3.6 ~/.vscode/extensions/ms-python.python-2020.6.89148/pythonFiles/pyvsc-run-isolated.py -c "import sys;print(sys.executable)"
> python3 ~/.vscode/extensions/ms-python.python-2020.6.89148/pythonFiles/pyvsc-run-isolated.py -c "import sys;print(sys.executable)"
> python2 ~/.vscode/extensions/ms-python.python-2020.6.89148/pythonFiles/pyvsc-run-isolated.py -c "import sys;print(sys.executable)"
> python ~/.vscode/extensions/ms-python.python-2020.6.89148/pythonFiles/pyvsc-run-isolated.py -c "import sys;print(sys.executable)"
> /usr/bin/python3 ~/.vscode/extensions/ms-python.python-2020.6.89148/pythonFiles/pyvsc-run-isolated.py -c "import sys;print(sys.executable)"
> conda info --json
Starting Microsoft Python language server.
Python interpreter path: /usr/bin/python3
> /usr/bin/python3 ~/.vscode/extensions/ms-python.python-2020.6.89148/pythonFiles/pyvsc-run-isolated.py -c "import jupyter"
> /usr/bin/python3 ~/.vscode/extensions/ms-python.python-2020.6.89148/pythonFiles/pyvsc-run-isolated.py -c "import jupyter"
> /usr/bin/python3 ~/.vscode/extensions/ms-python.python-2020.6.89148/pythonFiles/pyvsc-run-isolated.py -c "import notebook"
> /usr/bin/python3 ~/.vscode/extensions/ms-python.python-2020.6.89148/pythonFiles/pyvsc-run-isolated.py -c "import notebook"
> conda --version
> /usr/bin/python3 ~/.vscode/extensions/ms-python.python-2020.6.89148/pythonFiles/pyvsc-run-isolated.py -c "import pytest"
> /usr/bin/python3 ~/.vscode/extensions/ms-python.python-2020.6.89148/pythonFiles/pyvsc-run-isolated.py -c "import pytest"
> conda info --json
> conda --version
> /usr/bin/python3 ~/.vscode/extensions/ms-python.python-2020.6.89148/pythonFiles/pyvsc-run-isolated.py -c "import pip"
> /usr/bin/python3 ~/.vscode/extensions/ms-python.python-2020.6.89148/pythonFiles/pyvsc-run-isolated.py -c "import pip"
> /usr/bin/python3 ~/.vscode/extensions/ms-python.python-2020.6.89148/pythonFiles/pyvsc-run-isolated.py -c "import pytest"
> /usr/bin/python3 ~/.vscode/extensions/ms-python.python-2020.6.89148/pythonFiles/pyvsc-run-isolated.py -c "import pytest"
> /usr/bin/python3 ~/.vscode/extensions/ms-python.python-2020.6.89148/pythonFiles/testing_tools/run_adapter.py discover pytest -- --rootdir /odoo/odoo-server/addons/birdeye -s views
cwd: /odoo/odoo-server/addons/birdeye
> /usr/bin/python3 ~/.vscode/extensions/ms-python.python-2020.6.89148/pythonFiles/testing_tools/run_adapter.py discover pytest -- --rootdir /odoo/odoo-server/addons/birdeye -s views
cwd: /odoo/odoo-server/addons/birdeye
> /usr/bin/python3 ~/.vscode/extensions/ms-python.python-2020.6.89148/pythonFiles/testing_tools/run_adapter.py discover pytest -- --rootdir /odoo/odoo-server/addons/birdeye -s --cache-clear views
cwd: /odoo/odoo-server/addons/birdeye
> /usr/bin/python3 ~/.vscode/extensions/ms-python.python-2020.6.89148/pythonFiles/testing_tools/run_adapter.py discover pytest -- --rootdir /odoo/odoo-server/addons/birdeye -s --cache-clear views
cwd: /odoo/odoo-server/addons/birdeye
> /usr/bin/python3 ~/.vscode/extensions/ms-python.python-2020.6.89148/pythonFiles/pyvsc-run-isolated.py -c "import pytest"
> /usr/bin/python3 ~/.vscode/extensions/ms-python.python-2020.6.89148/pythonFiles/pyvsc-run-isolated.py -c "import pytest"
> /usr/bin/python3 ~/.vscode/extensions/ms-python.python-2020.6.89148/pythonFiles/pyvsc-run-isolated.py -c "import pip"
> /usr/bin/python3 ~/.vscode/extensions/ms-python.python-2020.6.89148/pythonFiles/pyvsc-run-isolated.py -c "import pip"
> /usr/bin/python3 ~/.vscode/extensions/ms-python.python-2020.6.89148/pythonFiles/pyvsc-run-isolated.py -c "import pytest"
> /usr/bin/python3 ~/.vscode/extensions/ms-python.python-2020.6.89148/pythonFiles/pyvsc-run-isolated.py -c "import pytest"
> /usr/bin/python3 ~/.vscode/extensions/ms-python.python-2020.6.89148/pythonFiles/testing_tools/run_adapter.py discover pytest -- --rootdir /odoo/odoo-server/addons/birdeye -s views
cwd: /odoo/odoo-server/addons/birdeye
> /usr/bin/python3 ~/.vscode/extensions/ms-python.python-2020.6.89148/pythonFiles/testing_tools/run_adapter.py discover pytest -- --rootdir /odoo/odoo-server/addons/birdeye -s views
cwd: /odoo/odoo-server/addons/birdeye
> /usr/bin/python3 ~/.vscode/extensions/ms-python.python-2020.6.89148/pythonFiles/pyvsc-run-isolated.py pytest --override-ini junit_family=xunit1 --rootdir /odoo/odoo-server/addons/birdeye --junit-xml=/tmp/tmp-6142sI8rOAO5QA3u.xml views
cwd: /odoo/odoo-server/addons/birdeye
> /usr/bin/python3 ~/.vscode/extensions/ms-python.python-2020.6.89148/pythonFiles/pyvsc-run-isolated.py pytest --override-ini junit_family=xunit1 --rootdir /odoo/odoo-server/addons/birdeye --junit-xml=/tmp/tmp-6142sI8rOAO5QA3u.xml views
cwd: /odoo/odoo-server/addons/birdeye
> /usr/bin/python3 ~/.vscode/extensions/ms-python.python-2020.6.89148/pythonFiles/testing_tools/run_adapter.py discover pytest -- --rootdir /odoo/odoo-server/addons/birdeye -s views
cwd: /odoo/odoo-server/addons/birdeye
> /usr/bin/python3 ~/.vscode/extensions/ms-python.python-2020.6.89148/pythonFiles/testing_tools/run_adapter.py discover pytest -- --rootdir /odoo/odoo-server/addons/birdeye -s views
cwd: /odoo/odoo-server/addons/birdeye
> /usr/bin/python3 ~/.vscode/extensions/ms-python.python-2020.6.89148/pythonFiles/testing_tools/run_adapter.py discover pytest -- --rootdir /odoo/odoo-server/addons/birdeye -s views
cwd: /odoo/odoo-server/addons/birdeye
> /usr/bin/python3 ~/.vscode/extensions/ms-python.python-2020.6.89148/pythonFiles/testing_tools/run_adapter.py discover pytest -- --rootdir /odoo/odoo-server/addons/birdeye -s views
cwd: /odoo/odoo-server/addons/birdeye
> /usr/bin/python3 ~/.vscode/extensions/ms-python.python-2020.6.89148/pythonFiles/testing_tools/run_adapter.py discover pytest -- --rootdir /odoo/odoo-server/addons/birdeye -s views
cwd: /odoo/odoo-server/addons/birdeye
> /usr/bin/python3 ~/.vscode/extensions/ms-python.python-2020.6.89148/pythonFiles/testing_tools/run_adapter.py discover pytest -- --rootdir /odoo/odoo-server/addons/birdeye -s views
cwd: /odoo/odoo-server/addons/birdeye
> /usr/bin/python3 ~/.vscode/extensions/ms-python.python-2020.6.89148/pythonFiles/testing_tools/run_adapter.py discover pytest -- --rootdir /odoo/odoo-server/addons/birdeye -s views
cwd: /odoo/odoo-server/addons/birdeye
> /usr/bin/python3 ~/.vscode/extensions/ms-python.python-2020.6.89148/pythonFiles/testing_tools/run_adapter.py discover pytest -- --rootdir /odoo/odoo-server/addons/birdeye -s views
cwd: /odoo/odoo-server/addons/birdeye
> /usr/bin/python3 ~/.vscode/extensions/ms-python.python-2020.6.89148/pythonFiles/testing_tools/run_adapter.py discover pytest -- --rootdir /odoo/odoo-server/addons/birdeye -s views
cwd: /odoo/odoo-server/addons/birdeye
> /usr/bin/python3 ~/.vscode/extensions/ms-python.python-2020.6.89148/pythonFiles/testing_tools/run_adapter.py discover pytest -- --rootdir /odoo/odoo-server/addons/birdeye -s views
cwd: /odoo/odoo-server/addons/birdeye
> /usr/bin/python3 ~/.vscode/extensions/ms-python.python-2020.6.89148/pythonFiles/testing_tools/run_adapter.py discover pytest -- --rootdir /odoo/odoo-server/addons/birdeye -s views
cwd: /odoo/odoo-server/addons/birdeye
> /usr/bin/python3 ~/.vscode/extensions/ms-python.python-2020.6.89148/pythonFiles/testing_tools/run_adapter.py discover pytest -- --rootdir /odoo/odoo-server/addons/birdeye -s views
cwd: /odoo/odoo-server/addons/birdeye
> /usr/bin/python3 ~/.vscode/extensions/ms-python.python-2020.6.89148/pythonFiles/testing_tools/run_adapter.py discover pytest -- --rootdir /odoo/odoo-server/addons/birdeye -s views
cwd: /odoo/odoo-server/addons/birdeye
> /usr/bin/python3 ~/.vscode/extensions/ms-python.python-2020.6.89148/pythonFiles/testing_tools/run_adapter.py discover pytest -- --rootdir /odoo/odoo-server/addons/birdeye -s views
cwd: /odoo/odoo-server/addons/birdeye
> /usr/bin/python3 ~/.vscode/extensions/ms-python.python-2020.6.89148/pythonFiles/testing_tools/run_adapter.py discover pytest -- --rootdir /odoo/odoo-server/addons/birdeye -s views
cwd: /odoo/odoo-server/addons/birdeye
> /usr/bin/python3 ~/.vscode/extensions/ms-python.python-2020.6.89148/pythonFiles/testing_tools/run_adapter.py discover pytest -- --rootdir /odoo/odoo-server/addons/birdeye -s views
cwd: /odoo/odoo-server/addons/birdeye
> /usr/bin/python3 ~/.vscode/extensions/ms-python.python-2020.6.89148/pythonFiles/testing_tools/run_adapter.py discover pytest -- --rootdir /odoo/odoo-server/addons/birdeye -s views
cwd: /odoo/odoo-server/addons/birdeye
> /usr/bin/python3 ~/.vscode/extensions/ms-python.python-2020.6.89148/pythonFiles/testing_tools/run_adapter.py discover pytest -- --rootdir /odoo/odoo-server/addons/birdeye -s views
cwd: /odoo/odoo-server/addons/birdeye
> /usr/bin/python3 ~/.vscode/extensions/ms-python.python-2020.6.89148/pythonFiles/testing_tools/run_adapter.py discover pytest -- --rootdir /odoo/odoo-server/addons/birdeye -s views
cwd: /odoo/odoo-server/addons/birdeye
> /usr/bin/python3 ~/.vscode/extensions/ms-python.python-2020.6.89148/pythonFiles/testing_tools/run_adapter.py discover pytest -- --rootdir /odoo/odoo-server/addons/birdeye -s views
cwd: /odoo/odoo-server/addons/birdeye
> /usr/bin/python3 ~/.vscode/extensions/ms-python.python-2020.6.89148/pythonFiles/testing_tools/run_adapter.py discover pytest -- --rootdir /odoo/odoo-server/addons/birdeye -s views
cwd: /odoo/odoo-server/addons/birdeye
> /usr/bin/python3 ~/.vscode/extensions/ms-python.python-2020.6.89148/pythonFiles/testing_tools/run_adapter.py discover pytest -- --rootdir /odoo/odoo-server/addons/birdeye -s views
cwd: /odoo/odoo-server/addons/birdeye
> /usr/bin/python3 ~/.vscode/extensions/ms-python.python-2020.6.89148/pythonFiles/testing_tools/run_adapter.py discover pytest -- --rootdir /odoo/odoo-server/addons/birdeye -s views
cwd: /odoo/odoo-server/addons/birdeye
> /usr/bin/python3 ~/.vscode/extensions/ms-python.python-2020.6.89148/pythonFiles/testing_tools/run_adapter.py discover pytest -- --rootdir /odoo/odoo-server/addons/birdeye -s views
cwd: /odoo/odoo-server/addons/birdeye
> /usr/bin/python3 ~/.vscode/extensions/ms-python.python-2020.6.89148/pythonFiles/testing_tools/run_adapter.py discover pytest -- --rootdir /odoo/odoo-server/addons/birdeye -s views
cwd: /odoo/odoo-server/addons/birdeye
> /usr/bin/python3 ~/.vscode/extensions/ms-python.python-2020.6.89148/pythonFiles/testing_tools/run_adapter.py discover pytest -- --rootdir /odoo/odoo-server/addons/birdeye -s views
cwd: /odoo/odoo-server/addons/birdeye
> /usr/bin/python3 ~/.vscode/extensions/ms-python.python-2020.6.89148/pythonFiles/testing_tools/run_adapter.py discover pytest -- --rootdir /odoo/odoo-server/addons/birdeye -s views
cwd: /odoo/odoo-server/addons/birdeye
> /usr/bin/python3 ~/.vscode/extensions/ms-python.python-2020.6.89148/pythonFiles/testing_tools/run_adapter.py discover pytest -- --rootdir /odoo/odoo-server/addons/birdeye -s views
cwd: /odoo/odoo-server/addons/birdeye
> /usr/bin/python3 ~/.vscode/extensions/ms-python.python-2020.6.89148/pythonFiles/testing_tools/run_adapter.py discover pytest -- --rootdir /odoo/odoo-server/addons/birdeye -s views
cwd: /odoo/odoo-server/addons/birdeye
> /usr/bin/python3 ~/.vscode/extensions/ms-python.python-2020.6.89148/pythonFiles/testing_tools/run_adapter.py discover pytest -- --rootdir /odoo/odoo-server/addons/birdeye -s views
cwd: /odoo/odoo-server/addons/birdeye
> /usr/bin/python3 ~/.vscode/extensions/ms-python.python-2020.6.89148/pythonFiles/testing_tools/run_adapter.py discover pytest -- --rootdir /odoo/odoo-server/addons/birdeye -s views
cwd: /odoo/odoo-server/addons/birdeye
> /usr/bin/python3 ~/.vscode/extensions/ms-python.python-2020.6.89148/pythonFiles/testing_tools/run_adapter.py discover pytest -- --rootdir /odoo/odoo-server/addons/birdeye -s views
cwd: /odoo/odoo-server/addons/birdeye
> /usr/bin/python3 ~/.vscode/extensions/ms-python.python-2020.6.89148/pythonFiles/testing_tools/run_adapter.py discover pytest -- --rootdir /odoo/odoo-server/addons/birdeye -s views
cwd: /odoo/odoo-server/addons/birdeye
> /usr/bin/python3 ~/.vscode/extensions/ms-python.python-2020.6.89148/pythonFiles/testing_tools/run_adapter.py discover pytest -- --rootdir /odoo/odoo-server/addons/birdeye -s views
cwd: /odoo/odoo-server/addons/birdeye
> /usr/bin/python3 ~/.vscode/extensions/ms-python.python-2020.6.89148/pythonFiles/testing_tools/run_adapter.py discover pytest -- --rootdir /odoo/odoo-server/addons/birdeye -s views
cwd: /odoo/odoo-server/addons/birdeye
> /usr/bin/python3 ~/.vscode/extensions/ms-python.python-2020.6.89148/pythonFiles/testing_tools/run_adapter.py discover pytest -- --rootdir /odoo/odoo-server/addons/birdeye -s views
cwd: /odoo/odoo-server/addons/birdeye
> /usr/bin/python3 ~/.vscode/extensions/ms-python.python-2020.6.89148/pythonFiles/testing_tools/run_adapter.py discover pytest -- --rootdir /odoo/odoo-server/addons/birdeye -s views
cwd: /odoo/odoo-server/addons/birdeye
> /usr/bin/python3 ~/.vscode/extensions/ms-python.python-2020.6.89148/pythonFiles/testing_tools/run_adapter.py discover pytest -- --rootdir /odoo/odoo-server/addons/birdeye -s views
cwd: /odoo/odoo-server/addons/birdeye
> /usr/bin/python3 ~/.vscode/extensions/ms-python.python-2020.6.89148/pythonFiles/testing_tools/run_adapter.py discover pytest -- --rootdir /odoo/odoo-server/addons/birdeye -s views
cwd: /odoo/odoo-server/addons/birdeye
> /usr/bin/python3 ~/.vscode/extensions/ms-python.python-2020.6.89148/pythonFiles/testing_tools/run_adapter.py discover pytest -- --rootdir /odoo/odoo-server/addons/birdeye -s views
cwd: /odoo/odoo-server/addons/birdeye
> /usr/bin/python3 ~/.vscode/extensions/ms-python.python-2020.6.89148/pythonFiles/testing_tools/run_adapter.py discover pytest -- --rootdir /odoo/odoo-server/addons/birdeye -s views
cwd: /odoo/odoo-server/addons/birdeye
> /usr/bin/python3 ~/.vscode/extensions/ms-python.python-2020.6.89148/pythonFiles/testing_tools/run_adapter.py discover pytest -- --rootdir /odoo/odoo-server/addons/birdeye -s views
cwd: /odoo/odoo-server/addons/birdeye
> /usr/bin/python3 ~/.vscode/extensions/ms-python.python-2020.6.89148/pythonFiles/testing_tools/run_adapter.py discover pytest -- --rootdir /odoo/odoo-server/addons/birdeye -s views
cwd: /odoo/odoo-server/addons/birdeye
> /usr/bin/python3 ~/.vscode/extensions/ms-python.python-2020.6.89148/pythonFiles/testing_tools/run_adapter.py discover pytest -- --rootdir /odoo/odoo-server/addons/birdeye -s views
cwd: /odoo/odoo-server/addons/birdeye
> /usr/bin/python3 ~/.vscode/extensions/ms-python.python-2020.6.89148/pythonFiles/testing_tools/run_adapter.py discover pytest -- --rootdir /odoo/odoo-server/addons/birdeye -s views
cwd: /odoo/odoo-server/addons/birdeye
> /usr/bin/python3 ~/.vscode/extensions/ms-python.python-2020.6.89148/pythonFiles/testing_tools/run_adapter.py discover pytest -- --rootdir /odoo/odoo-server/addons/birdeye -s views
cwd: /odoo/odoo-server/addons/birdeye
