[2020-06-24 08:37:38.670] [exthost] [info] extension host started
[2020-06-24 08:37:38.772] [exthost] [info] ExtensionService#_doActivateExtension aaron-bond.better-comments {"startup":false,"extensionId":{"value":"aaron-bond.better-comments","_lower":"aaron-bond.better-comments"},"activationEvent":"onLanguage:plaintext"}
[2020-06-24 08:37:38.772] [exthost] [info] ExtensionService#loadCommonJSModule file:///root/.vscode/extensions/aaron-bond.better-comments-2.0.5/out/extension
[2020-06-24 08:37:38.907] [exthost] [info] ExtensionService#_doActivateExtension DotJoshJohnson.xml {"startup":false,"extensionId":{"value":"DotJoshJohnson.xml","_lower":"dotjoshjohnson.xml"},"activationEvent":"onLanguage:xml"}
[2020-06-24 08:37:38.907] [exthost] [info] ExtensionService#loadCommonJSModule file:///root/.vscode/extensions/dotjoshjohnson.xml-2.5.0/out/extension
[2020-06-24 08:37:40.420] [exthost] [info] ExtensionService#_doActivateExtension vscode.debug-auto-launch {"startup":true,"extensionId":{"value":"vscode.debug-auto-launch","_lower":"vscode.debug-auto-launch"},"activationEvent":"*"}
[2020-06-24 08:37:40.420] [exthost] [info] ExtensionService#loadCommonJSModule file:///snap/code/35/usr/share/code/resources/app/extensions/debug-auto-launch/dist/extension
[2020-06-24 08:37:40.429] [exthost] [info] ExtensionService#_doActivateExtension vscode.emmet {"startup":true,"extensionId":{"value":"vscode.emmet","_lower":"vscode.emmet"},"activationEvent":"*"}
[2020-06-24 08:37:40.429] [exthost] [info] ExtensionService#loadCommonJSModule file:///snap/code/35/usr/share/code/resources/app/extensions/emmet/dist/extension
[2020-06-24 08:37:40.485] [exthost] [info] ExtensionService#_doActivateExtension vscode.git {"startup":true,"extensionId":{"value":"vscode.github","_lower":"vscode.github"},"activationEvent":"*"}
[2020-06-24 08:37:40.485] [exthost] [info] ExtensionService#loadCommonJSModule file:///snap/code/35/usr/share/code/resources/app/extensions/git/dist/main
[2020-06-24 08:37:40.544] [exthost] [info] ExtensionService#_doActivateExtension vscode.github-authentication {"startup":true,"extensionId":{"value":"vscode.github-authentication","_lower":"vscode.github-authentication"},"activationEvent":"*"}
[2020-06-24 08:37:40.545] [exthost] [info] ExtensionService#loadCommonJSModule file:///snap/code/35/usr/share/code/resources/app/extensions/github-authentication/dist/extension.js
[2020-06-24 08:37:40.570] [exthost] [info] ExtensionService#_doActivateExtension vscode.merge-conflict {"startup":true,"extensionId":{"value":"vscode.merge-conflict","_lower":"vscode.merge-conflict"},"activationEvent":"*"}
[2020-06-24 08:37:40.570] [exthost] [info] ExtensionService#loadCommonJSModule file:///snap/code/35/usr/share/code/resources/app/extensions/merge-conflict/dist/extension
[2020-06-24 08:37:40.574] [exthost] [info] ExtensionService#_doActivateExtension vscode.microsoft-authentication {"startup":true,"extensionId":{"value":"vscode.microsoft-authentication","_lower":"vscode.microsoft-authentication"},"activationEvent":"*"}
[2020-06-24 08:37:40.574] [exthost] [info] ExtensionService#loadCommonJSModule file:///snap/code/35/usr/share/code/resources/app/extensions/microsoft-authentication/dist/extension.js
[2020-06-24 08:37:40.585] [exthost] [info] ExtensionService#_doActivateExtension vscode.search-result {"startup":true,"extensionId":{"value":"vscode.search-result","_lower":"vscode.search-result"},"activationEvent":"*"}
[2020-06-24 08:37:40.585] [exthost] [info] ExtensionService#loadCommonJSModule file:///snap/code/35/usr/share/code/resources/app/extensions/search-result/dist/extension.js
[2020-06-24 08:37:40.588] [exthost] [info] ExtensionService#_doActivateExtension CoenraadS.bracket-pair-colorizer {"startup":true,"extensionId":{"value":"CoenraadS.bracket-pair-colorizer","_lower":"coenraads.bracket-pair-colorizer"},"activationEvent":"*"}
[2020-06-24 08:37:40.588] [exthost] [info] ExtensionService#loadCommonJSModule file:///root/.vscode/extensions/coenraads.bracket-pair-colorizer-1.0.61/out/src/extension
[2020-06-24 08:37:40.766] [exthost] [info] ExtensionService#_doActivateExtension dbaeumer.vscode-eslint {"startup":true,"extensionId":{"value":"dbaeumer.vscode-eslint","_lower":"dbaeumer.vscode-eslint"},"activationEvent":"*"}
[2020-06-24 08:37:40.766] [exthost] [info] ExtensionService#loadCommonJSModule file:///root/.vscode/extensions/dbaeumer.vscode-eslint-2.1.5/client/out/extension
[2020-06-24 08:37:40.809] [exthost] [info] ExtensionService#_doActivateExtension esbenp.prettier-vscode {"startup":true,"extensionId":{"value":"esbenp.prettier-vscode","_lower":"esbenp.prettier-vscode"},"activationEvent":"*"}
[2020-06-24 08:37:40.809] [exthost] [info] ExtensionService#loadCommonJSModule file:///root/.vscode/extensions/esbenp.prettier-vscode-5.1.0/dist/extension
[2020-06-24 08:37:40.966] [exthost] [info] ExtensionService#_doActivateExtension streetsidesoftware.code-spell-checker {"startup":true,"extensionId":{"value":"streetsidesoftware.code-spell-checker","_lower":"streetsidesoftware.code-spell-checker"},"activationEvent":"*"}
[2020-06-24 08:37:40.967] [exthost] [info] ExtensionService#loadCommonJSModule file:///root/.vscode/extensions/streetsidesoftware.code-spell-checker-1.9.0/dist/extension
[2020-06-24 08:37:41.048] [exthost] [info] ExtensionService#_doActivateExtension vscode-icons-team.vscode-icons {"startup":true,"extensionId":{"value":"vscode-icons-team.vscode-icons","_lower":"vscode-icons-team.vscode-icons"},"activationEvent":"*"}
[2020-06-24 08:37:41.048] [exthost] [info] ExtensionService#loadCommonJSModule file:///root/.vscode/extensions/vscode-icons-team.vscode-icons-10.1.1/dist/src/vscode-icons.bundle.js
[2020-06-24 08:37:45.166] [exthost] [info] ExtensionService#_doActivateExtension vscode.github {"startup":true,"extensionId":{"value":"vscode.github","_lower":"vscode.github"},"activationEvent":"*"}
[2020-06-24 08:37:45.166] [exthost] [info] ExtensionService#loadCommonJSModule file:///snap/code/35/usr/share/code/resources/app/extensions/github/dist/extension.js
[2020-06-24 08:37:45.205] [exthost] [info] eager extensions activated
[2020-06-24 08:39:54.486] [exthost] [info] ExtensionService#_doActivateExtension vscode.css-language-features {"startup":false,"extensionId":{"value":"vscode.css-language-features","_lower":"vscode.css-language-features"},"activationEvent":"onLanguage:scss"}
[2020-06-24 08:39:54.486] [exthost] [info] ExtensionService#loadCommonJSModule file:///snap/code/35/usr/share/code/resources/app/extensions/css-language-features/client/dist/node/cssClientMain
[2020-06-24 08:42:51.929] [exthost] [info] ExtensionService#_doActivateExtension vscode.typescript-language-features {"startup":false,"extensionId":{"value":"vscode.typescript-language-features","_lower":"vscode.typescript-language-features"},"activationEvent":"onLanguage:javascript"}
[2020-06-24 08:42:51.929] [exthost] [info] ExtensionService#loadCommonJSModule file:///snap/code/35/usr/share/code/resources/app/extensions/typescript-language-features/dist/extension
[2020-06-24 08:42:52.019] [exthost] [info] ExtensionService#_doActivateExtension ms-vscode.vscode-typescript-tslint-plugin {"startup":false,"extensionId":{"value":"ms-vscode.vscode-typescript-tslint-plugin","_lower":"ms-vscode.vscode-typescript-tslint-plugin"},"activationEvent":"onLanguage:javascript"}
[2020-06-24 08:42:52.019] [exthost] [info] ExtensionService#loadCommonJSModule file:///root/.vscode/extensions/ms-vscode.vscode-typescript-tslint-plugin-1.2.3/out/index.js
[2020-06-24 08:42:52.139] [exthost] [info] ExtensionService#_doActivateExtension VisualStudioExptTeam.vscodeintellicode {"startup":false,"extensionId":{"value":"VisualStudioExptTeam.vscodeintellicode","_lower":"visualstudioexptteam.vscodeintellicode"},"activationEvent":"onLanguage:javascript"}
[2020-06-24 08:42:52.139] [exthost] [info] ExtensionService#loadCommonJSModule file:///root/.vscode/extensions/visualstudioexptteam.vscodeintellicode-1.2.8/dist/intellicode
[2020-06-24 08:42:54.922] [exthost] [error] [vscode.typescript-language-features] provider FAILED
[2020-06-24 08:42:54.925] [exthost] [error] Error: <syntax> TypeScript Server Error (3.9.4)
Debug Failure. False expression: Expected line to be non-zero
Error: Debug Failure. False expression: Expected line to be non-zero
    at failIfInvalidLocation (/snap/code/35/usr/share/code/resources/app/extensions/node_modules/typescript/lib/tsserver.js:142416:22)
    at ScriptInfo.positionToLineOffset (/snap/code/35/usr/share/code/resources/app/extensions/node_modules/typescript/lib/tsserver.js:142389:17)
    at toProtocolTextSpan (/snap/code/35/usr/share/code/resources/app/extensions/node_modules/typescript/lib/tsserver.js:149600:35)
    at /snap/code/35/usr/share/code/resources/app/extensions/node_modules/typescript/lib/tsserver.js:149130:68
    at Array.map (<anonymous>)
    at IOSession.Session.toLocationNavigationTree (/snap/code/35/usr/share/code/resources/app/extensions/node_modules/typescript/lib/tsserver.js:149130:39)
    at IOSession.Session.getNavigationTree (/snap/code/35/usr/share/code/resources/app/extensions/node_modules/typescript/lib/tsserver.js:149141:32)
    at Session.handlers.ts.createMapFromTemplate._a.<computed> (/snap/code/35/usr/share/code/resources/app/extensions/node_modules/typescript/lib/tsserver.js:147984:61)
    at /snap/code/35/usr/share/code/resources/app/extensions/node_modules/typescript/lib/tsserver.js:149526:88
    at IOSession.Session.executeWithRequestId (/snap/code/35/usr/share/code/resources/app/extensions/node_modules/typescript/lib/tsserver.js:149517:28)
    at IOSession.Session.executeCommand (/snap/code/35/usr/share/code/resources/app/extensions/node_modules/typescript/lib/tsserver.js:149526:33)
    at IOSession.Session.onMessage (/snap/code/35/usr/share/code/resources/app/extensions/node_modules/typescript/lib/tsserver.js:149550:35)
    at Interface.<anonymous> (/snap/code/35/usr/share/code/resources/app/extensions/node_modules/typescript/lib/tsserver.js:150866:27)
    at Interface.emit (events.js:203:13)
    at Interface._onLine (readline.js:316:10)
    at Interface._normalWrite (readline.js:461:12)
    at Socket.ondata (readline.js:172:10)
    at Socket.emit (events.js:203:13)
    at addChunk (_stream_readable.js:295:12)
    at readableAddChunk (_stream_readable.js:276:11)
    at Socket.Readable.push (_stream_readable.js:210:10)
    at Pipe.onStreamRead (internal/stream_base_commons.js:166:17)
	at Function.create (/snap/code/35/usr/share/code/resources/app/extensions/typescript-language-features/dist/extension.js:1:54700)
	at e.dispatchResponse (/snap/code/35/usr/share/code/resources/app/extensions/typescript-language-features/dist/extension.js:1:226420)
	at e.dispatchMessage (/snap/code/35/usr/share/code/resources/app/extensions/typescript-language-features/dist/extension.js:1:225338)
	at /snap/code/35/usr/share/code/resources/app/extensions/typescript-language-features/dist/extension.js:1:224814
	at e.fire (/snap/code/35/usr/share/code/resources/app/out/vs/workbench/services/extensions/node/extensionHostProcess.js:46:242)
	at t.Reader.onLengthData (/snap/code/35/usr/share/code/resources/app/extensions/typescript-language-features/dist/extension.js:1:233476)
	at Socket.<anonymous> (/snap/code/35/usr/share/code/resources/app/extensions/typescript-language-features/dist/extension.js:1:233124)
	at Socket.emit (events.js:203:13)
	at addChunk (_stream_readable.js:295:12)
	at readableAddChunk (_stream_readable.js:276:11)
	at Socket.Readable.push (_stream_readable.js:210:10)
	at Pipe.onStreamRead (internal/stream_base_commons.js:166:17)
[2020-06-24 09:21:39.015] [exthost] [info] ExtensionService#_doActivateExtension vscode.python {"startup":false,"extensionId":{"value":"vscode.python","_lower":"vscode.python"},"activationEvent":"onLanguage:python"}
[2020-06-24 09:21:39.016] [exthost] [info] ExtensionService#loadCommonJSModule file:///snap/code/35/usr/share/code/resources/app/extensions/python/dist/pythonMain
[2020-06-24 09:21:39.096] [exthost] [info] ExtensionService#_doActivateExtension ms-python.python {"startup":false,"extensionId":{"value":"ms-python.python","_lower":"ms-python.python"},"activationEvent":"onLanguage:python"}
[2020-06-24 09:21:39.096] [exthost] [info] ExtensionService#loadCommonJSModule file:///root/.vscode/extensions/ms-python.python-2020.6.89148/out/client/extension
[2020-06-24 09:21:40.306] [exthost] [info] ExtensionService#_doActivateExtension njpwerner.autodocstring {"startup":false,"extensionId":{"value":"njpwerner.autodocstring","_lower":"njpwerner.autodocstring"},"activationEvent":"onLanguage:python"}
[2020-06-24 09:21:40.306] [exthost] [info] ExtensionService#loadCommonJSModule file:///root/.vscode/extensions/njpwerner.autodocstring-0.5.3/out/extension.js
